1. Clique of size 17 : 1 13 20 27 32 74 75 87 108 116 124 160 161 172 174 186 191 
Clique of size 20 : 1 13 14 20 24 32 36 48 75 100 108 116 124 128 129 138 160 178 186 191 
Clique of size 20 : 1 13 14 20 24 27 32 36 48 75 100 108 116 124 128 129 138 160 186 191 
Clique of size 18 : 4 19 20 27 36 48 79 90 105 115 117 124 128 129 160 162 163 200 
Clique of size 20 : 3 10 19 31 32 35 57 58 59 65 81 82 103 104 138 139 145 175 183 190 
Clique of size 19 : 4 8 32 38 42 46 73 83 101 103 107 108 115 122 127 144 172 185 190 
Clique of size 19 : 5 11 12 14 22 32 38 42 87 103 121 122 125 127 165 179 187 195 197 
Clique of size 19 : 4 6 15 27 42 46 73 83 96 106 107 108 115 117 129 165 172 173 190 
Clique of size 19 : 4 8 13 15 20 27 34 36 45 53 59 69 73 79 92 105 126 175 199 
Clique of size 20 : 8 18 22 32 35 38 49 57 58 59 95 104 109 130 132 138 144 186 190 199 
Clique of size 20 : 3 10 19 31 32 35 57 59 65 81 82 103 104 138 139 145 170 175 183 190 
Clique of size 19 : 3 10 13 27 28 42 55 56 88 98 103 105 121 139 160 170 172 184 197 
Clique of size 18 : 11 28 32 40 42 48 59 83 100 103 104 122 131 138 144 153 175 186 
Clique of size 19 : 11 12 14 22 32 38 42 62 87 103 121 122 125 138 163 165 179 188 195 
Clique of size 20 : 1 8 13 15 16 27 36 56 69 79 81 103 114 116 139 155 159 164 175 190 
Clique of size 19 : 1 13 20 27 32 34 36 48 75 79 100 114 116 124 128 129 138 144 175 
Clique of size 19 : 15 16 26 69 70 73 75 79 80 91 92 97 103 114 152 163 165 171 173 
Clique of size 19 : 4 8 13 15 20 27 34 36 45 53 59 69 73 79 92 105 125 175 199 
Clique of size 18 : 4 8 20 27 32 34 45 50 53 73 79 83 101 126 174 175 176 194 
Clique of size 19 : 3 10 13 19 20 31 32 36 57 58 59 82 139 147 159 172 175 183 190 
Clique of size 20 : 3 10 18 19 32 35 58 59 65 79 95 104 122 126 138 139 144 145 175 190 
Clique of size 19 : 4 19 20 27 32 48 73 79 83 108 115 127 145 159 160 165 176 190 193 
Clique of size 19 : 5 21 22 26 32 41 46 48 99 103 104 107 109 120 130 144 163 191 199 
Clique of size 21 : 4 26 32 41 46 48 83 100 103 104 107 120 122 132 137 138 144 175 180 191 199 
Clique of size 20 : 1 13 14 20 24 32 36 48 75 100 108 116 124 128 129 138 160 178 186 191 
Clique of size 18 : 4 14 15 19 27 48 73 79 105 108 115 117 124 128 129 165 197 200 
Clique of size 20 : 3 10 19 31 32 35 57 59 65 81 82 103 104 138 139 145 170 175 183 190 
Clique of size 19 : 4 8 27 32 38 42 46 73 83 85 101 103 108 115 125 127 144 172 185 
Clique of size 19 : 5 11 12 14 32 38 42 73 87 103 121 122 125 127 165 179 187 195 197 
Clique of size 19 : 4 6 15 27 46 50 73 83 96 106 107 115 117 128 129 165 175 180 190 
Clique of size 19 : 4 8 13 15 20 27 34 36 45 53 59 69 73 79 92 105 125 175 199 
Clique of size 20 : 8 22 32 35 38 46 49 57 58 59 86 95 104 109 122 132 138 144 190 199 
Clique of size 20 : 3 10 19 31 32 35 57 58 59 65 81 82 103 104 138 139 145 175 183 190 
Clique of size 19 : 3 10 13 25 27 42 53 56 88 98 105 121 139 160 170 172 181 184 197 
Clique of size 18 : 11 32 40 42 48 59 83 100 103 104 122 131 138 144 153 175 186 199 
Clique of size 19 : 11 12 22 32 38 42 62 83 87 103 121 122 125 138 144 163 166 188 195 
Clique of size 20 : 1 8 13 15 16 27 36 56 69 79 81 103 114 116 139 155 159 164 175 190 
Clique of size 19 : 1 13 20 24 27 32 34 36 48 58 75 79 100 116 128 129 144 159 175 
Clique of size 19 : 15 16 26 69 70 73 75 79 80 91 97 103 114 133 163 165 171 173 176 
Clique of size 19 : 4 8 13 15 16 20 27 36 45 53 59 69 73 79 92 105 125 175 199 
Clique of size 18 : 8 20 27 32 33 34 45 50 53 73 79 83 101 114 126 174 175 194 
Clique of size 19 : 3 13 18 19 20 32 36 57 58 59 116 129 139 147 159 172 175 183 190 
Clique of size 20 : 3 10 18 19 20 32 35 58 59 65 79 95 122 126 138 139 144 145 175 190 
Clique of size 19 : 8 14 19 21 27 32 48 73 79 103 108 115 127 159 160 165 176 190 193 
Clique of size 19 : 5 21 26 32 41 46 48 99 103 104 107 109 120 130 132 144 175 191 199 
Clique of size 21 : 4 26 32 41 46 48 83 100 103 104 107 120 122 132 137 138 144 175 180 191 199 
Clique of size 19 : 3 10 13 19 31 32 57 59 64 78 81 82 103 104 146 170 175 183 197 
Clique of size 19 : 1 8 20 24 27 35 39 50 53 79 81 83 138 149 164 170 175 183 190 
Clique of size 19 : 3 10 11 22 25 27 32 38 42 55 103 104 121 127 139 144 155 182 197 
Clique of size 20 : 4 8 18 32 36 46 49 58 59 107 109 120 122 132 138 144 175 180 190 199 
Clique of size 19 : 1 8 24 27 32 36 44 48 58 59 86 109 116 130 144 159 175 186 190 
Clique of size 19 : 5 8 21 28 32 38 40 73 101 103 107 115 127 139 140 141 144 172 190 
Clique of size 18 : 8 11 19 21 27 29 32 73 86 99 111 115 126 159 160 163 165 176 
Clique of size 19 : 10 27 30 47 53 55 79 90 97 105 108 115 139 141 143 160 183 197 200 
Clique of size 19 : 3 10 13 19 20 24 26 32 36 53 58 59 69 79 81 126 138 175 190 
Clique of size 20 : 8 22 32 35 38 46 49 57 58 59 86 95 104 109 122 132 138 144 190 199 
Clique of size 18 : 20 24 30 33 47 53 93 97 115 116 122 143 147 150 160 178 187 191 
Clique of size 19 : 3 10 13 19 20 24 26 32 36 53 58 59 69 79 81 126 138 175 190 
Clique of size 19 : 1 8 13 20 27 32 34 48 53 59 79 81 111 114 138 175 176 194 199 
Clique of size 20 : 1 13 14 20 24 32 36 48 75 100 108 116 124 128 129 138 160 178 186 191 
Clique of size 17 : 1 32 34 37 46 64 75 79 86 93 100 115 160 170 183 185 187 
Clique of size 21 : 4 26 32 41 46 48 83 100 103 104 107 120 122 132 137 138 144 175 180 191 199 
Clique of size 17 : 7 22 29 39 55 57 111 122 127 131 150 160 170 178 179 187 192 
Clique of size 19 : 8 28 32 38 40 42 73 83 101 103 107 108 115 122 127 139 144 172 190 
Clique of size 21 : 4 26 32 41 46 48 83 100 103 104 107 120 122 132 137 138 144 175 180 191 199 
Clique of size 19 : 10 13 14 27 30 47 55 56 74 97 103 105 108 147 154 160 172 183 197 
Clique of size 17 : 2 4 15 16 20 27 50 52 53 79 101 105 108 115 125 143 164 
Clique of size 19 : 14 27 30 44 55 74 84 103 105 106 115 147 154 160 165 172 180 189 197 
Clique of size 20 : 7 8 17 18 22 44 45 57 77 84 111 127 154 157 160 161 170 178 179 189 
Clique of size 21 : 4 26 32 41 46 48 83 100 103 104 107 120 122 132 137 138 144 175 180 191 199 
Clique of size 20 : 8 18 22 32 35 38 49 57 58 59 95 104 109 122 132 138 144 186 190 199 
Clique of size 19 : 15 26 48 59 65 73 79 81 97 103 114 145 149 159 165 171 176 179 190 
Clique of size 21 : 4 26 32 41 46 48 83 100 103 104 107 120 122 132 137 138 144 175 180 191 199 
Clique of size 19 : 4 8 15 16 20 27 45 50 53 70 73 76 79 83 101 108 115 125 176 
Clique of size 18 : 3 4 27 36 41 49 51 70 88 94 103 116 133 144 156 164 191 195 
Clique of size 19 : 28 30 47 52 74 103 104 115 122 137 149 164 166 170 172 175 177 180 197 
Clique of size 18 : 2 4 19 27 73 90 96 105 108 115 117 124 129 160 172 174 185 200 
Clique of size 19 : 3 17 22 25 27 32 38 42 44 55 85 92 103 104 115 127 153 170 182 
Clique of size 19 : 3 10 27 32 42 55 85 98 103 104 115 131 139 166 170 172 175 183 197 
Clique of size 19 : 14 27 30 44 55 74 84 103 105 106 115 147 154 160 165 172 180 189 197 
Clique of size 19 : 3 10 22 32 38 43 55 57 58 59 62 78 103 107 122 144 156 166 188 
Clique of size 19 : 3 10 22 32 38 43 55 57 58 59 62 78 103 107 122 144 156 166 188 
Clique of size 20 : 8 22 32 35 38 46 49 57 58 59 86 95 104 109 122 132 138 144 190 199 
Clique of size 19 : 2 3 4 13 15 19 20 27 53 59 60 79 105 121 124 126 129 162 175 
Clique of size 19 : 2 20 30 35 47 58 61 108 122 139 142 143 144 145 164 166 172 177 190 
Clique of size 19 : 4 8 22 32 38 42 46 49 59 62 101 103 104 107 109 122 137 144 188 
Clique of size 20 : 4 26 32 59 62 79 83 95 103 116 121 122 131 138 144 145 156 180 185 190 
Clique of size 19 : 3 10 11 22 25 32 43 57 59 64 82 94 103 139 144 156 166 182 197 
Clique of size 20 : 3 10 19 31 32 35 57 59 65 81 82 103 104 138 139 145 170 175 183 190 
Clique of size 19 : 8 27 34 35 41 44 45 66 105 109 126 135 137 143 155 175 180 182 199 
Clique of size 18 : 8 10 18 32 35 37 46 49 57 59 67 69 85 135 147 175 181 190 
Clique of size 18 : 25 55 56 65 68 79 80 97 100 103 104 122 149 160 170 177 180 197 
Clique of size 19 : 15 19 26 48 52 59 65 73 79 81 83 86 114 149 159 165 175 176 190 
Clique of size 18 : 13 15 16 20 27 36 48 70 73 75 92 108 129 147 152 155 191 196 
Clique of size 17 : 11 21 28 40 66 67 71 94 96 109 117 118 131 158 174 175 181 
Clique of size 18 : 2 4 19 26 52 53 56 67 72 79 101 108 109 122 141 171 176 190 
Clique of size 19 : 4 22 32 41 46 48 58 64 80 83 90 100 103 104 107 115 128 144 163 
Clique of size 19 : 14 27 30 44 55 74 84 103 105 106 115 147 154 160 165 172 180 189 197 
Clique of size 18 : 2 19 26 29 32 59 63 73 86 101 122 126 141 171 176 185 190 199 
Clique of size 18 : 7 35 58 65 76 79 81 82 91 100 102 103 108 131 138 139 183 184 
Clique of size 18 : 7 17 58 65 77 79 91 92 103 108 127 133 139 145 165 171 179 184 
Clique of size 20 : 27 30 44 52 74 85 93 97 101 103 104 115 149 154 169 170 172 180 183 197 
Clique of size 19 : 8 14 19 21 27 32 48 73 79 103 108 115 127 159 160 165 176 190 193 
Clique of size 18 : 4 22 32 41 46 80 82 90 94 100 103 104 107 125 132 144 195 197 
Clique of size 20 : 3 10 18 19 20 32 35 59 65 69 79 81 95 138 139 145 170 175 190 193 
Clique of size 20 : 3 10 18 19 20 32 35 58 59 65 79 95 122 126 138 139 144 145 175 190 
Clique of size 20 : 17 22 32 35 38 43 57 58 59 83 103 122 125 132 144 145 176 179 187 199 
Clique of size 20 : 7 8 17 18 22 44 45 57 77 84 111 127 154 157 160 161 170 178 179 189 
Clique of size 20 : 3 10 32 35 40 58 59 65 81 82 103 104 131 138 139 145 166 175 183 190 
Clique of size 18 : 8 22 32 35 38 44 45 55 57 59 86 95 104 130 182 188 189 194 
Clique of size 20 : 3 22 32 38 41 44 45 49 87 103 104 107 115 130 137 140 144 182 195 197 
Clique of size 19 : 8 10 13 19 20 27 32 36 53 58 59 69 79 81 126 138 139 175 190 
Clique of size 18 : 3 9 20 24 26 52 65 75 76 79 81 85 89 97 149 170 183 190 
Clique of size 19 : 8 14 19 21 27 32 48 73 79 103 108 115 127 159 160 165 176 190 193 
Clique of size 19 : 1 13 14 27 32 48 75 100 103 108 116 124 128 138 160 176 185 186 191 
Clique of size 18 : 3 10 11 13 27 28 32 42 55 59 92 103 104 121 144 153 166 175 
Clique of size 18 : 3 27 31 32 44 96 98 101 104 115 123 137 139 170 172 175 181 189 
Clique of size 20 : 4 8 19 32 38 42 59 62 83 95 101 103 104 121 122 125 127 144 172 188 
Clique of size 19 : 4 8 22 32 42 46 49 59 62 103 104 107 109 120 122 137 138 144 188 
Clique of size 18 : 27 31 44 75 93 96 99 103 104 106 123 160 163 165 168 171 172 173 
Clique of size 19 : 5 13 15 16 73 82 96 97 103 120 123 139 140 147 155 159 165 168 190 
Clique of size 19 : 4 8 22 27 32 36 38 41 45 49 103 107 109 130 138 144 163 186 199 
Clique of size 20 : 4 22 27 32 36 38 41 45 49 103 107 109 128 130 138 144 163 191 195 199 
Clique of size 21 : 4 26 32 41 46 48 83 100 103 104 107 120 122 132 137 138 144 175 180 191 199 
Clique of size 19 : 4 8 15 16 20 27 45 50 53 70 73 76 79 83 101 108 115 125 176 
Clique of size 18 : 7 11 27 55 76 79 90 100 103 105 115 131 133 139 156 160 189 197 
Clique of size 20 : 8 22 32 35 38 46 49 57 58 59 86 95 104 109 122 132 138 144 190 199 
Clique of size 20 : 8 22 32 35 38 46 49 57 58 59 86 95 104 109 122 132 138 144 190 199 
Clique of size 18 : 4 14 20 27 36 73 79 105 108 115 117 128 129 133 157 160 174 200 
Clique of size 18 : 3 27 31 32 35 44 98 101 104 123 137 139 152 170 172 175 181 189 
Clique of size 21 : 4 26 32 41 46 48 83 100 103 104 107 120 122 132 137 138 144 175 180 191 199 
Clique of size 18 : 4 16 27 52 73 76 79 83 85 101 103 108 115 123 173 176 185 190 
Clique of size 20 : 8 22 32 35 38 46 49 57 58 59 86 95 104 109 122 132 138 144 190 199 
Clique of size 19 : 3 10 13 19 31 32 57 59 64 78 81 82 103 104 146 170 175 183 197 
Clique of size 18 : 4 8 20 27 32 33 34 45 50 53 73 79 83 101 115 126 174 175 
Clique of size 19 : 1 8 10 13 20 24 27 28 32 36 48 53 59 79 81 138 175 190 194 
Clique of size 19 : 2 3 4 13 15 19 20 27 53 59 60 79 105 121 124 126 129 162 175 
Clique of size 19 : 15 26 48 59 65 73 79 81 97 103 114 145 149 159 165 171 176 179 190 
Clique of size 19 : 8 10 14 17 19 21 27 32 37 79 108 111 115 125 127 159 160 165 193 
Clique of size 19 : 3 13 19 20 31 32 36 53 57 58 59 81 82 116 138 139 175 183 190 
Clique of size 20 : 26 65 73 75 77 86 93 97 98 99 100 117 149 160 163 165 168 171 172 178 
Clique of size 20 : 8 18 32 35 49 58 59 95 104 109 122 126 132 138 144 175 180 186 190 199 
Clique of size 19 : 4 6 19 20 27 70 73 83 84 117 125 134 149 163 169 172 186 193 199 
Clique of size 19 : 1 8 13 28 32 40 42 48 59 103 104 109 114 120 138 139 144 175 190 
Clique of size 19 : 2 3 4 13 15 19 20 27 53 59 60 79 105 121 124 126 129 162 175 
Clique of size 20 : 4 8 19 32 38 42 59 62 83 95 101 103 104 121 122 125 127 144 172 188 
Clique of size 19 : 3 10 13 19 31 32 57 58 59 64 78 82 103 104 139 172 175 183 197 
Clique of size 18 : 3 32 35 46 57 65 71 75 82 98 103 123 124 141 147 152 172 175 
Clique of size 20 : 17 22 32 35 38 43 57 58 59 83 103 122 125 132 144 145 176 179 187 199 
Clique of size 19 : 3 10 13 15 19 20 27 36 53 59 69 79 92 105 121 126 129 139 175 
Clique of size 20 : 4 8 32 38 42 46 59 62 83 95 101 103 104 121 122 125 127 144 172 188 
Clique of size 18 : 14 24 27 47 74 75 93 97 103 108 115 116 128 130 147 154 160 191 
Clique of size 19 : 4 6 15 27 46 50 73 83 96 106 107 115 117 128 129 165 175 180 190 
Clique of size 20 : 3 10 17 22 25 27 32 38 42 85 103 115 127 139 144 156 159 182 190 195 
Clique of size 20 : 3 10 32 35 40 58 59 65 79 81 82 103 104 131 138 139 145 175 183 190 
Clique of size 20 : 8 22 32 35 38 49 57 58 59 86 95 104 109 130 132 138 144 186 190 199 
Clique of size 19 : 4 19 27 36 38 70 108 115 116 125 129 130 133 143 144 191 195 197 200 
Clique of size 19 : 11 27 46 81 83 93 94 100 101 103 104 119 125 134 149 164 169 183 199 
Clique of size 19 : 8 13 16 24 27 36 44 45 51 69 74 75 92 103 105 109 147 155 175 
Clique of size 19 : 3 4 19 20 26 42 52 53 80 83 95 101 115 119 122 126 149 170 190 
Clique of size 20 : 4 8 32 46 48 58 59 103 104 107 109 120 122 132 138 144 175 180 190 199 
Clique of size 20 : 3 10 19 31 32 35 57 58 59 65 81 82 103 104 138 139 145 175 183 190 
Clique of size 20 : 3 10 19 31 32 35 57 59 65 81 82 103 104 138 139 145 170 175 183 190 
Clique of size 19 : 3 28 65 76 103 130 134 137 139 140 141 149 152 155 168 169 177 182 197 
Clique of size 19 : 3 10 17 22 23 25 38 43 55 57 58 59 103 104 122 144 145 166 188 
Clique of size 19 : 8 11 22 32 43 45 59 83 84 94 99 103 125 132 144 176 179 185 199 
Clique of size 20 : 15 19 20 27 35 60 69 79 126 130 143 149 152 155 159 175 189 190 192 199 
Clique of size 20 : 8 22 32 35 38 46 49 57 58 59 86 95 104 109 122 132 138 144 190 199 
Clique of size 20 : 3 10 18 19 20 32 35 59 65 69 79 81 95 138 139 145 170 175 190 193 
Clique of size 19 : 3 19 23 31 57 59 64 82 103 104 106 110 114 120 121 139 144 175 197 
Clique of size 19 : 3 18 25 31 32 44 57 59 85 92 104 110 123 127 139 145 170 171 181 
Clique of size 19 : 4 6 8 15 19 20 42 53 70 73 83 122 125 149 163 172 175 186 199 
Clique of size 18 : 1 27 35 41 58 79 81 83 100 103 104 138 145 149 164 175 183 199 
Clique of size 19 : 4 8 13 15 20 27 34 36 45 53 59 69 73 79 92 105 125 175 199 
Clique of size 19 : 3 4 19 20 26 52 53 76 79 83 95 115 119 122 126 149 167 170 190 
Clique of size 19 : 3 10 27 28 32 42 59 94 103 104 107 137 139 144 166 175 182 195 197 
Clique of size 19 : 11 22 27 32 59 83 84 94 99 100 103 104 125 131 144 146 153 186 199 
Clique of size 19 : 14 27 44 45 55 66 74 84 87 103 105 115 128 131 154 157 160 170 180 
Clique of size 20 : 4 13 15 16 20 27 50 69 79 116 129 143 152 155 159 164 165 175 189 190 
Clique of size 19 : 3 10 17 22 25 32 38 43 55 57 58 59 103 122 144 145 156 166 188 
Clique of size 20 : 7 8 11 27 29 45 66 74 99 105 115 126 131 156 157 160 161 174 180 185 
Clique of size 20 : 4 16 22 26 46 49 58 59 103 104 106 109 120 130 132 144 158 168 190 199 
Clique of size 20 : 4 13 15 16 20 27 50 69 79 116 129 143 152 155 159 164 165 175 189 190 
Clique of size 19 : 8 10 14 17 19 21 27 32 37 79 108 111 115 125 127 159 160 165 193 
Clique of size 19 : 3 27 44 74 84 85 87 101 104 115 126 127 131 154 161 170 172 181 197 
Clique of size 18 : 4 25 27 32 42 59 104 109 126 127 129 137 162 165 181 195 197 198 
Clique of size 20 : 4 22 27 32 38 41 45 49 103 104 107 109 128 130 138 144 163 186 191 199 
Clique of size 18 : 1 27 35 41 58 79 81 83 100 103 104 138 145 149 164 175 183 199 
Clique of size 20 : 4 22 26 32 42 46 48 59 62 83 100 103 104 107 120 122 137 138 144 199 
Clique of size 19 : 3 10 17 22 23 25 38 43 55 57 58 59 103 104 122 144 145 166 188 
Clique of size 19 : 3 4 19 20 26 52 53 79 80 83 95 101 115 119 122 126 149 170 190 
Clique of size 19 : 3 22 23 25 44 49 55 58 59 97 103 104 106 130 139 144 168 177 197 
Clique of size 19 : 3 11 27 28 32 42 59 94 103 104 137 139 144 166 169 175 182 195 197 
Clique of size 20 : 3 10 19 32 35 59 65 79 81 82 103 104 138 139 145 170 175 183 190 193 
Clique of size 19 : 15 16 21 26 69 70 73 79 80 91 97 103 114 133 163 165 171 176 179 
Clique of size 19 : 8 10 14 17 19 21 27 32 37 79 108 111 115 125 127 159 160 165 193 
Clique of size 20 : 1 13 14 20 24 32 36 48 75 100 108 116 124 128 129 138 160 178 186 191 
Clique of size 19 : 3 25 27 31 36 44 75 90 98 105 115 117 145 157 160 172 174 181 185 
Clique of size 20 : 8 22 32 35 38 46 49 57 58 59 86 95 104 109 122 132 138 144 190 199 
Clique of size 20 : 8 13 15 16 27 69 75 79 81 103 114 116 155 159 164 165 175 176 189 190 
Clique of size 20 : 3 22 32 38 41 44 45 49 87 103 104 107 115 130 137 140 144 177 182 197 
Clique of size 18 : 14 24 27 47 74 75 93 97 103 108 115 116 128 130 147 154 160 191 
Clique of size 20 : 4 8 32 38 42 46 59 62 83 95 101 103 104 121 122 125 127 144 172 188 
Clique of size 19 : 8 27 28 32 35 49 59 103 104 109 114 121 131 138 144 175 180 186 190 
Clique of size 19 : 3 27 32 42 44 74 85 87 101 104 115 126 127 131 161 170 172 181 197 
Clique of size 19 : 3 10 11 22 25 27 32 38 42 55 103 104 121 127 139 144 155 182 197 
Clique of size 20 : 3 27 44 52 74 85 93 97 101 103 104 115 123 149 154 169 170 172 183 197 
Clique of size 19 : 11 13 14 27 42 48 55 74 87 103 105 108 124 128 147 160 165 184 197 
Clique of size 20 : 7 8 11 27 29 45 66 74 99 105 115 126 131 156 157 160 161 174 180 185 
Clique of size 19 : 4 22 27 32 38 41 49 58 103 104 107 109 128 130 138 144 163 186 199 
Clique of size 19 : 14 32 64 65 93 95 96 100 103 115 122 131 160 170 172 180 185 187 193 
Clique of size 19 : 3 10 22 23 25 43 55 57 58 59 78 103 104 122 139 144 166 168 197 
Clique of size 20 : 3 10 32 35 40 58 59 65 79 81 82 103 104 131 138 139 145 175 183 190 
Clique of size 19 : 1 8 13 18 20 28 32 34 36 48 73 75 78 81 114 155 159 175 194 
Clique of size 21 : 4 26 32 41 46 48 83 100 103 104 107 120 122 132 137 138 144 175 180 191 199 
Clique of size 20 : 4 8 22 32 42 46 48 59 62 101 103 104 107 109 120 122 127 137 144 188 
Clique of size 19 : 4 19 20 27 32 48 73 79 83 108 115 127 145 159 160 165 176 190 193 
Clique of size 19 : 3 10 13 19 20 27 32 36 53 58 59 69 79 81 126 138 139 175 190 
Clique of size 20 : 3 10 17 22 25 27 32 42 59 85 94 103 139 144 156 159 166 182 190 195 
Clique of size 18 : 9 15 16 17 21 22 26 57 84 85 111 114 117 125 132 165 176 196 
Clique of size 19 : 3 10 22 32 38 43 57 58 59 62 78 103 104 107 122 138 139 144 166 
Clique of size 19 : 8 10 13 19 24 27 32 36 37 56 79 86 126 144 152 155 159 175 190 
Clique of size 20 : 8 22 32 35 38 46 49 57 58 59 86 95 104 109 122 132 138 144 190 199 
Clique of size 19 : 4 6 15 19 20 27 42 70 73 83 115 117 125 129 149 163 165 172 200 
