Clique of size 22 : 1 8 19 23 49 63 102 137 162 181 196 202 215 249 265 271 284 289 296 351 357 379 
Clique of size 22 : 1 2 5 10 20 45 58 68 83 101 104 132 143 151 214 296 298 301 309 357 365 390 
Clique of size 23 : 3 18 27 30 40 70 118 136 142 153 165 166 196 225 238 279 288 295 314 321 341 387 399 
Clique of size 23 : 13 26 30 33 91 97 132 166 176 180 183 193 196 215 238 288 295 300 310 316 336 344 399 
Clique of size 22 : 1 7 42 51 53 74 100 132 138 146 162 163 219 236 244 260 262 274 322 338 357 390 
Clique of size 22 : 6 7 22 42 58 65 104 116 144 160 181 199 209 232 236 284 301 323 324 357 367 391 
Clique of size 22 : 1 4 7 46 57 75 77 88 94 117 152 166 187 194 195 270 289 292 314 321 337 357 
Clique of size 22 : 8 23 26 63 67 137 155 158 162 168 180 196 210 215 229 242 271 275 288 289 357 376 
Clique of size 22 : 9 16 26 29 35 40 56 77 98 121 164 165 176 196 224 230 232 268 269 275 276 317 
Clique of size 22 : 10 19 45 90 104 108 110 125 142 144 145 148 149 159 170 214 215 232 284 311 357 380 
Clique of size 22 : 2 11 30 63 120 133 142 196 206 215 273 296 297 300 311 344 357 371 372 379 387 393 
Clique of size 21 : 7 12 28 36 60 61 106 122 134 202 236 238 242 268 269 276 291 344 361 390 391 
Clique of size 23 : 9 13 26 35 56 63 68 104 132 157 165 176 209 227 228 232 268 317 323 344 359 389 395 
Clique of size 22 : 1 3 14 25 31 39 45 73 92 95 118 123 185 215 228 238 284 287 295 378 380 393 
Clique of size 22 : 1 7 15 46 78 144 153 154 155 172 181 196 229 230 231 267 284 291 316 345 356 369 
Clique of size 24 : 5 19 56 73 74 105 118 150 154 163 167 193 228 237 248 263 279 317 354 364 368 383 385 387 
Clique of size 21 : 2 7 15 20 28 36 46 62 65 108 118 121 134 149 176 178 269 291 335 344 365 
Clique of size 21 : 5 19 20 23 26 33 58 68 101 176 181 194 209 259 309 315 324 327 367 379 382 
Clique of size 24 : 26 35 47 56 77 85 119 162 173 201 209 228 232 248 279 284 304 313 344 359 367 387 389 395 
Clique of size 22 : 2 18 20 69 75 85 135 149 159 181 203 215 234 242 268 284 315 316 327 344 379 387 
Clique of size 23 : 19 21 56 59 71 108 119 165 193 209 223 247 249 256 269 284 304 313 323 339 376 387 389 
Clique of size 21 : 2 7 22 76 100 110 131 194 199 200 206 219 241 272 274 284 323 351 357 365 369 
Clique of size 22 : 1 23 26 40 69 74 137 153 155 180 189 229 230 271 275 295 321 350 357 376 382 391 
Clique of size 22 : 24 32 65 79 81 149 154 181 199 212 242 250 268 283 284 291 293 295 327 340 357 360 
Clique of size 23 : 7 46 63 65 69 70 76 89 94 109 149 162 166 176 202 217 236 242 284 294 344 389 399 
Clique of size 22 : 1 23 26 40 69 74 137 153 155 180 189 229 230 271 275 295 321 350 357 376 382 391 
Clique of size 22 : 2 19 27 55 56 63 65 70 104 118 149 154 165 185 217 247 321 376 380 387 389 393 
Clique of size 22 : 22 32 48 65 67 74 115 120 121 137 232 247 250 265 275 293 295 323 357 371 376 387 
Clique of size 23 : 19 22 26 28 33 53 67 79 87 102 171 179 181 242 274 283 289 295 327 339 340 357 379 
Clique of size 23 : 2 22 30 48 63 65 67 120 121 133 134 151 199 206 242 250 310 323 357 371 376 379 387 
Clique of size 22 : 6 20 28 31 52 65 99 113 138 236 242 250 269 283 284 291 337 339 357 367 376 387 
Clique of size 22 : 10 20 63 76 78 79 113 144 151 154 181 199 229 244 268 284 291 340 356 357 360 369 
Clique of size 21 : 18 25 27 29 33 56 85 87 118 154 187 247 269 286 295 300 314 340 352 379 385 
Clique of size 21 : 18 25 29 32 34 47 114 119 122 142 181 223 229 247 287 291 312 377 382 393 399 
Clique of size 23 : 2 35 56 63 65 104 118 154 185 219 225 228 237 247 248 291 317 342 344 354 387 389 395 
Clique of size 21 : 33 36 48 51 53 80 95 96 102 114 118 121 148 171 248 278 300 304 328 354 388 
Clique of size 22 : 3 37 42 56 71 73 100 157 162 172 218 219 248 262 264 272 300 314 316 322 323 383 
Clique of size 22 : 82 87 101 105 118 154 168 185 217 236 238 250 264 273 291 308 314 317 352 372 376 385 
Clique of size 23 : 25 33 39 51 118 120 121 158 165 166 191 215 227 228 238 257 279 287 288 305 317 341 374 
Clique of size 22 : 28 40 65 74 81 115 119 133 182 193 203 211 236 238 247 273 292 295 298 314 358 371 
Clique of size 23 : 15 18 41 44 47 74 101 123 139 179 238 250 291 298 301 306 314 327 357 368 382 384 385 
Clique of size 22 : 2 13 48 53 65 93 100 117 120 149 180 216 242 247 295 310 321 357 371 376 388 393 
Clique of size 23 : 28 45 52 65 87 99 133 144 156 180 193 236 247 250 269 273 295 323 347 357 366 376 385 
Clique of size 23 : 13 18 21 26 27 44 56 59 101 126 158 165 186 209 250 269 279 302 317 320 329 339 387 
Clique of size 22 : 1 7 52 63 73 123 126 132 167 181 195 202 206 219 226 237 274 284 317 330 357 390 
Clique of size 22 : 17 32 46 48 62 65 67 74 119 121 175 220 239 242 250 265 275 279 289 293 309 371 
Clique of size 24 : 47 61 69 73 76 87 106 153 167 177 180 229 236 238 242 275 291 292 321 347 357 375 384 394 
Clique of size 23 : 22 48 65 131 134 193 194 204 232 237 238 247 250 265 284 295 307 345 347 357 371 376 387 
Clique of size 22 : 2 13 22 30 48 49 54 63 65 144 154 199 209 220 235 301 310 356 357 379 391 397 
Clique of size 22 : 7 28 29 40 53 65 118 122 134 171 181 185 194 202 236 258 268 269 307 314 361 379 
Clique of size 24 : 22 28 33 42 51 52 87 106 138 166 181 212 236 238 242 247 283 292 294 295 307 357 374 379 
Clique of size 23 : 17 28 40 52 65 87 114 179 203 236 238 240 247 250 269 289 291 295 335 357 371 376 385 
Clique of size 23 : 18 26 28 29 53 61 71 79 115 119 122 124 201 208 211 225 253 269 282 293 314 342 373 
Clique of size 23 : 2 30 35 40 52 54 56 65 104 114 118 140 154 185 219 234 273 291 313 317 344 387 393 
Clique of size 22 : 1 52 63 65 69 91 99 109 127 131 144 166 206 215 273 274 289 296 309 357 376 379 
Clique of size 23 : 26 29 35 40 97 121 153 164 165 207 215 224 225 228 232 238 257 268 269 295 319 366 380 
Clique of size 23 : 2 3 7 13 40 54 56 65 116 118 120 161 165 166 176 180 197 199 227 228 232 317 321 
Clique of size 21 : 1 26 40 74 77 116 119 121 158 173 209 220 226 238 248 267 275 312 317 338 399 
Clique of size 22 : 21 27 35 37 56 59 94 97 110 121 146 149 154 158 165 187 209 225 227 247 310 319 
Clique of size 22 : 2 3 9 12 35 40 54 56 60 65 77 165 180 185 224 228 269 295 313 319 335 344 
Clique of size 22 : 28 31 36 42 61 65 68 119 172 201 204 236 242 261 274 291 293 311 321 337 339 342 
Clique of size 22 : 2 7 15 46 50 62 65 89 106 118 149 243 245 292 296 314 321 330 335 354 389 400 
Clique of size 23 : 1 20 23 52 63 69 81 89 96 109 162 166 189 215 259 275 283 296 309 338 357 360 379 
Clique of size 21 : 28 40 51 64 70 74 106 116 163 164 166 171 193 236 247 293 314 357 384 385 390 
Clique of size 23 : 1 20 23 52 63 69 81 89 96 109 162 166 189 215 259 275 283 296 309 338 357 360 379 
Clique of size 22 : 6 66 69 77 92 138 155 177 181 195 215 218 231 241 242 271 284 294 315 357 367 388 
Clique of size 24 : 4 23 26 33 52 67 68 87 101 158 173 179 181 209 238 247 249 265 283 317 339 357 374 379 
Clique of size 23 : 11 13 16 33 44 51 68 77 87 96 120 160 228 261 279 283 302 317 321 339 354 357 386 
Clique of size 22 : 2 18 20 69 75 85 135 149 159 181 203 215 234 242 268 284 315 316 327 344 379 387 
Clique of size 22 : 4 19 23 33 69 70 91 97 149 161 171 187 194 209 265 309 310 315 357 365 376 388 
Clique of size 23 : 19 56 71 108 116 119 145 162 171 184 193 209 248 262 269 278 279 284 304 313 323 339 367 
Clique of size 21 : 22 32 48 59 63 65 72 131 232 239 247 261 265 275 296 311 346 357 371 387 396 
Clique of size 23 : 5 10 23 33 44 45 47 73 83 101 150 151 167 198 212 228 237 238 298 328 346 357 390 
Clique of size 23 : 6 13 22 42 53 72 74 120 152 171 242 245 246 271 274 275 293 310 315 338 357 376 387 
Clique of size 22 : 1 37 42 65 95 126 137 139 153 170 203 209 216 220 237 265 277 284 357 394 395 399 
Clique of size 22 : 28 46 76 87 88 119 124 139 144 153 162 168 191 211 242 308 317 323 339 363 368 391 
Clique of size 25 : 9 26 34 42 58 74 77 91 104 127 159 189 213 215 231 246 263 274 295 312 316 336 338 350 374 
Clique of size 22 : 21 52 65 87 96 114 154 156 182 219 240 247 255 264 296 301 305 313 314 371 385 393 
Clique of size 23 : 9 17 19 23 28 53 87 137 139 142 164 166 242 247 249 271 283 289 295 313 357 376 379 
Clique of size 22 : 7 20 56 58 63 80 104 155 157 228 248 263 300 318 321 332 349 355 356 364 391 400 
Clique of size 22 : 40 52 65 73 81 109 126 150 153 162 194 220 236 238 273 274 275 313 317 330 357 387 
Clique of size 22 : 13 43 50 61 82 87 99 106 131 158 193 226 236 247 269 283 295 345 347 357 373 376 
Clique of size 22 : 23 27 44 90 98 121 122 139 146 191 208 209 212 225 238 259 310 315 323 368 379 399 
Clique of size 22 : 3 9 13 40 42 60 65 69 77 89 136 194 216 258 275 283 295 310 321 335 382 388 
Clique of size 24 : 35 56 77 85 119 162 173 201 209 228 232 248 262 269 279 284 304 313 344 359 367 387 389 395 
Clique of size 23 : 19 27 55 86 87 88 89 108 135 158 162 178 187 242 269 300 311 323 327 328 357 368 379 
Clique of size 24 : 4 28 71 87 108 115 116 119 134 178 187 197 198 203 204 238 247 256 269 295 304 314 335 376 
Clique of size 23 : 23 47 58 74 82 88 127 139 155 178 218 238 242 275 278 308 316 323 350 363 369 374 379 
Clique of size 22 : 14 46 55 72 74 81 89 94 109 121 128 149 157 187 200 201 242 292 303 328 357 379 
Clique of size 21 : 5 23 26 49 63 92 121 137 155 169 189 215 242 250 259 311 323 338 357 360 379 
Clique of size 23 : 30 35 40 59 65 91 108 118 153 165 180 193 197 215 224 232 234 238 279 295 313 380 387 
Clique of size 23 : 1 23 26 40 69 74 97 137 153 155 164 179 189 215 229 265 271 275 289 295 357 376 382 
Clique of size 23 : 2 10 20 56 63 85 104 118 149 166 171 175 206 217 232 257 263 268 284 290 387 397 400 
Clique of size 23 : 1 7 10 42 46 65 73 75 94 166 172 181 206 219 236 244 284 311 322 345 357 380 391 
Clique of size 22 : 19 22 26 42 53 95 166 171 242 249 271 274 283 284 310 315 357 361 376 379 380 387 
Clique of size 22 : 1 4 8 10 19 49 58 63 65 81 138 181 185 186 195 215 317 339 357 360 370 379 
Clique of size 23 : 8 23 26 30 37 40 59 81 90 92 97 121 155 183 186 189 199 220 265 300 357 360 387 
Clique of size 22 : 14 37 40 41 42 60 77 89 103 126 136 215 241 252 282 294 298 312 343 354 368 400 
Clique of size 23 : 17 28 61 87 116 118 178 185 203 236 238 247 269 304 307 337 352 366 374 376 379 380 385 
Clique of size 22 : 35 81 82 85 100 108 155 158 162 195 215 218 238 242 254 284 295 312 316 323 363 379 
Clique of size 24 : 14 52 59 87 91 101 115 126 145 153 167 193 194 200 202 209 214 237 238 240 249 265 313 357 
Clique of size 22 : 3 13 30 40 51 52 59 65 91 166 186 215 238 245 279 283 288 317 338 341 357 387 
Clique of size 22 : 20 21 43 46 59 65 72 79 103 144 184 194 219 225 236 257 259 261 284 296 322 366 
Clique of size 23 : 1 5 7 20 58 63 83 96 104 132 146 154 185 209 219 228 296 300 338 357 360 372 390 
Clique of size 22 : 2 40 53 76 105 118 120 134 163 171 245 246 252 262 269 308 314 344 358 376 387 388 
Clique of size 22 : 8 23 28 49 58 74 82 88 99 119 121 139 155 158 178 242 278 315 323 369 374 376 
Clique of size 23 : 20 22 40 52 59 71 87 91 118 166 194 206 214 219 225 259 283 288 296 315 338 356 361 
Clique of size 21 : 33 39 70 81 85 86 100 108 118 187 215 252 262 300 318 327 364 367 368 383 400 
Clique of size 23 : 72 109 110 136 142 162 194 196 200 201 206 210 228 249 274 277 284 296 313 351 357 379 397 
Clique of size 24 : 3 40 54 55 65 73 75 77 120 137 166 173 181 271 275 279 283 295 313 321 341 357 387 399 
Clique of size 21 : 18 23 28 33 58 83 102 111 125 139 159 179 208 249 315 316 336 342 352 369 379 
Clique of size 20 : 18 19 69 70 72 109 112 162 176 223 230 237 242 284 316 326 327 344 387 399 
Clique of size 23 : 8 19 22 26 28 33 53 67 79 87 102 168 171 179 242 249 274 289 339 340 357 376 379 
Clique of size 22 : 18 40 77 87 114 116 187 190 205 208 209 225 238 248 272 279 303 304 307 314 337 385 
Clique of size 21 : 14 18 28 46 89 106 115 118 130 166 168 170 187 236 253 287 292 314 335 379 399 
Clique of size 23 : 17 28 50 61 65 87 116 118 178 185 203 236 238 247 269 295 304 307 366 376 379 380 385 
Clique of size 22 : 1 32 46 65 68 69 89 117 134 140 155 170 194 195 202 271 280 284 357 379 382 391 
Clique of size 23 : 7 28 40 52 65 118 180 185 219 236 247 252 264 269 273 292 293 308 311 314 319 344 388 
Clique of size 23 : 19 42 71 108 119 162 171 174 184 213 242 249 253 262 299 311 323 326 328 339 342 353 383 
Clique of size 22 : 30 46 61 63 72 120 133 149 162 178 196 199 206 220 236 242 265 268 357 379 387 397 
Clique of size 23 : 32 35 56 59 65 114 119 121 141 180 195 228 247 254 269 273 295 313 323 332 342 358 387 
Clique of size 23 : 28 40 53 109 115 119 122 153 180 187 201 236 262 269 273 293 314 328 342 344 358 376 388 
Clique of size 22 : 7 53 100 106 114 116 120 149 152 179 187 247 269 286 293 300 314 340 355 357 396 399 
Clique of size 23 : 21 26 29 43 44 52 56 67 79 87 101 158 164 173 225 269 283 320 327 342 348 373 379 
Clique of size 23 : 19 23 26 42 45 69 73 75 125 131 149 150 181 215 265 284 295 313 357 377 387 393 399 
Clique of size 22 : 45 63 65 69 70 81 108 133 134 145 167 193 203 236 247 250 265 284 357 371 387 394 
Clique of size 22 : 28 37 43 45 52 55 65 87 127 144 181 184 185 193 247 282 291 292 296 301 357 365 
Clique of size 23 : 19 22 38 55 72 73 91 95 96 109 118 128 131 193 200 210 221 223 234 237 287 313 341 
Clique of size 22 : 40 52 65 76 87 105 109 115 162 166 194 202 236 238 240 269 273 313 314 363 371 389 
Clique of size 21 : 1 6 14 40 66 75 77 92 113 155 181 195 231 241 271 291 295 306 326 357 399 
Clique of size 23 : 2 19 57 65 69 94 102 118 131 166 168 194 212 274 284 289 296 304 308 361 365 376 379 
Clique of size 22 : 1 5 7 25 38 39 58 73 74 120 123 132 138 158 228 238 244 274 317 338 341 374 
Clique of size 23 : 2 27 30 63 65 67 76 120 121 133 137 154 155 177 180 206 220 242 288 357 358 376 387 
Clique of size 23 : 8 20 63 65 75 120 133 134 138 167 181 203 206 236 242 265 268 284 353 357 379 387 391 
Clique of size 22 : 1 2 20 21 65 69 93 99 108 134 151 159 176 209 284 327 335 339 344 353 356 398 
Clique of size 22 : 3 18 69 75 95 136 137 149 166 170 203 215 229 284 294 295 335 344 357 371 379 399 
Clique of size 23 : 9 23 24 26 53 69 74 124 137 153 164 168 179 190 210 242 271 275 289 293 355 357 376 
Clique of size 23 : 8 20 63 65 75 120 133 134 138 167 181 203 206 236 242 265 268 284 353 357 379 387 391 
Clique of size 22 : 9 42 53 65 72 74 76 106 121 130 136 139 149 153 206 216 242 309 310 340 357 399 
Clique of size 23 : 1 7 42 46 86 89 117 140 185 186 187 194 195 209 272 292 296 307 314 351 357 372 379 
Clique of size 23 : 3 27 30 36 51 65 70 90 95 106 118 122 141 149 153 166 180 234 238 292 303 310 347 
Clique of size 25 : 22 28 53 79 102 139 142 159 179 201 230 242 249 274 283 284 293 315 339 357 369 372 376 379 380 
Clique of size 23 : 7 52 65 73 76 94 109 143 153 162 202 206 219 240 244 274 284 288 317 323 330 356 357 
Clique of size 22 : 1 2 19 57 65 77 83 93 104 116 144 160 185 209 216 321 335 337 339 357 365 376 
Clique of size 21 : 63 65 69 72 113 125 144 145 185 206 236 247 250 265 284 339 357 366 379 393 398 
Clique of size 24 : 5 13 48 54 56 63 71 73 74 118 146 154 163 180 185 219 224 228 237 279 317 354 364 387 
Clique of size 22 : 5 9 20 52 63 77 79 103 146 147 150 174 175 185 237 242 255 274 276 294 318 400 
Clique of size 24 : 19 23 42 69 70 90 91 144 148 149 159 183 187 215 265 295 300 303 309 310 357 360 379 399 
Clique of size 23 : 2 16 27 30 65 76 121 133 134 151 177 194 209 269 310 323 330 335 357 358 365 371 376 
Clique of size 22 : 40 43 101 105 118 150 154 163 180 185 193 238 245 248 258 279 314 317 321 354 387 389 
Clique of size 24 : 2 22 30 48 65 120 121 133 134 151 178 199 206 242 310 323 344 357 365 371 376 379 387 391 
Clique of size 23 : 14 41 56 66 70 100 118 123 163 164 171 181 194 200 252 284 289 294 319 340 361 362 365 
Clique of size 21 : 14 28 37 40 43 49 52 55 81 91 103 118 164 176 193 194 273 292 295 338 354 
Clique of size 23 : 1 4 7 51 52 57 65 128 144 154 180 181 185 186 236 247 291 292 314 317 321 357 393 
Clique of size 22 : 23 26 56 58 63 68 120 126 132 158 175 176 218 227 252 284 290 300 302 310 316 395 
Clique of size 23 : 15 27 37 40 55 56 68 97 118 120 154 156 158 187 227 234 247 295 297 300 310 319 363 
Clique of size 22 : 73 74 77 82 97 100 120 128 146 157 162 190 210 242 262 275 297 302 310 312 316 358 
Clique of size 23 : 26 43 45 74 97 99 121 155 158 176 215 226 227 238 257 267 287 295 312 338 340 354 382 
Clique of size 22 : 13 42 65 69 70 74 90 91 94 95 99 166 215 238 242 274 295 303 310 357 379 399 
Clique of size 22 : 8 10 22 30 49 65 76 95 121 133 143 157 220 239 280 292 298 341 346 351 357 391 
Clique of size 21 : 17 32 48 65 72 74 121 149 161 178 216 232 243 247 280 329 357 366 371 376 396 
Clique of size 23 : 26 39 73 74 91 92 95 153 166 189 193 207 211 215 226 238 242 287 316 317 350 368 399 
Clique of size 22 : 19 41 49 56 88 145 150 152 163 192 194 195 228 232 237 263 278 284 323 337 360 375 
Clique of size 22 : 26 30 60 97 101 121 164 173 174 208 209 225 238 248 265 269 310 323 338 366 382 384 
Clique of size 21 : 1 7 12 56 63 74 77 97 120 121 132 146 165 180 185 207 217 254 268 276 317 
Clique of size 23 : 28 40 42 52 65 73 87 106 115 166 193 238 240 247 282 292 295 298 313 314 335 354 357 
Clique of size 23 : 13 27 74 99 106 158 167 179 187 200 220 229 237 238 242 247 302 335 341 355 357 369 396 
Clique of size 21 : 23 26 33 69 98 102 127 131 168 179 215 238 242 284 289 300 327 339 372 376 379 
Clique of size 21 : 16 48 49 51 63 65 74 96 120 121 137 154 169 185 228 285 317 353 354 357 379 
Clique of size 22 : 1 37 42 65 95 126 137 139 153 170 203 209 216 220 237 265 277 284 357 394 395 399 
Clique of size 21 : 2 3 7 18 20 40 75 77 90 104 114 118 171 187 225 232 248 272 304 314 344 
Clique of size 21 : 26 30 37 51 72 91 95 149 153 189 239 243 250 265 277 280 310 318 347 357 377 
Clique of size 23 : 6 26 40 42 47 56 58 74 77 119 165 173 195 198 209 232 275 304 313 350 367 382 387 
Clique of size 22 : 11 14 43 46 97 137 149 153 156 166 172 180 181 182 207 215 242 258 267 303 318 320 
Clique of size 22 : 2 10 23 46 48 63 73 89 131 132 137 150 177 181 220 237 284 309 323 330 357 390 
Clique of size 23 : 9 13 26 35 56 63 68 104 132 157 165 176 209 227 228 232 268 317 323 344 359 389 395 
Clique of size 24 : 8 23 26 63 73 75 92 97 100 120 131 137 155 177 181 210 215 242 271 284 289 323 357 359 
Clique of size 23 : 28 44 55 82 86 87 88 99 108 158 162 178 184 187 238 269 323 327 328 334 350 357 376 
Clique of size 24 : 26 28 55 61 67 87 106 116 173 179 238 242 243 247 269 282 283 295 339 340 357 374 376 380 
Clique of size 23 : 30 40 51 65 118 120 153 165 180 197 215 232 234 238 250 257 261 263 279 317 345 366 387 
Clique of size 23 : 18 26 28 53 79 100 102 159 179 181 230 242 268 269 284 293 295 327 339 340 357 379 399 
Clique of size 22 : 16 18 46 49 79 115 119 130 141 166 170 182 217 223 232 253 292 314 320 335 341 388 
Clique of size 23 : 15 32 40 44 55 77 120 121 166 173 183 238 271 279 295 304 313 344 357 371 387 395 399 
Clique of size 23 : 19 56 59 71 119 127 165 184 193 209 217 223 247 249 284 304 323 339 365 376 378 389 400 
Clique of size 22 : 29 43 52 65 118 154 181 185 236 238 247 263 269 287 291 292 295 307 312 314 342 355 
Clique of size 23 : 8 19 23 49 63 97 137 158 162 181 186 202 215 242 249 265 284 317 323 353 357 359 369 
Clique of size 24 : 1 7 15 42 46 50 51 57 62 65 89 128 144 181 185 186 195 209 292 296 307 314 321 322 
Clique of size 20 : 12 14 17 33 70 91 95 99 100 113 207 238 241 242 261 295 306 319 354 355 
Clique of size 23 : 1 8 32 56 59 63 97 104 137 154 186 189 204 247 248 255 284 300 316 317 322 332 376 
Clique of size 21 : 29 40 59 65 87 102 105 109 118 169 190 194 219 225 259 275 279 283 308 317 360 
Clique of size 23 : 14 23 52 69 87 91 118 126 153 164 167 193 194 203 237 238 250 251 260 279 303 347 355 
Clique of size 23 : 26 33 77 97 110 132 158 165 166 176 180 192 215 218 226 227 238 283 305 316 317 374 385 
Clique of size 24 : 5 19 33 56 73 74 105 118 150 154 163 167 180 193 228 237 248 263 279 317 354 364 383 385 
Clique of size 24 : 4 28 71 87 108 115 116 119 134 178 187 197 198 203 204 238 247 256 269 295 304 314 335 376 
Clique of size 22 : 7 42 51 53 62 74 77 82 89 96 106 132 136 163 166 187 195 278 314 316 354 385 
Clique of size 22 : 2 5 8 63 65 67 75 120 133 137 181 206 215 220 242 268 317 323 353 357 379 387 
Clique of size 22 : 40 51 65 88 91 108 113 118 120 133 134 151 171 197 224 247 250 251 263 356 387 394 
Clique of size 23 : 1 10 42 46 48 89 132 140 151 160 170 185 186 195 196 198 206 284 298 307 357 388 394 
Clique of size 23 : 2 19 57 65 69 94 102 118 131 166 168 194 212 274 284 289 296 304 308 361 365 376 379 
Clique of size 24 : 14 52 59 87 91 101 115 126 145 153 167 193 194 200 202 209 214 237 238 240 249 265 313 357 
Clique of size 22 : 8 28 31 58 61 65 67 102 119 133 151 184 201 204 242 274 282 309 317 339 342 376 
Clique of size 22 : 1 2 45 46 63 65 75 94 149 181 185 206 215 219 284 296 311 345 357 366 380 393 
Clique of size 22 : 28 65 70 79 139 155 168 179 203 242 250 274 284 289 293 327 340 357 372 376 379 380 
Clique of size 23 : 12 32 48 65 74 77 104 114 119 165 175 204 232 238 255 268 306 317 364 382 387 396 399 
Clique of size 22 : 1 40 65 73 77 83 97 166 180 182 190 205 238 254 271 275 297 310 312 330 335 337 
Clique of size 21 : 22 42 50 59 61 87 106 124 131 206 236 243 247 261 265 283 311 339 357 361 373 
Clique of size 22 : 2 9 12 32 45 56 65 114 120 121 141 150 180 195 228 232 269 273 289 295 313 323 
Clique of size 21 : 10 22 26 53 72 74 79 86 101 109 157 168 201 208 210 249 253 287 316 349 379 
Clique of size 23 : 3 6 16 65 67 77 79 114 119 141 171 225 228 232 279 283 295 304 320 335 341 358 388 
Clique of size 24 : 22 24 29 73 79 87 101 110 124 181 194 200 212 219 243 259 283 326 327 334 340 349 357 361 
Clique of size 22 : 1 46 51 65 76 120 138 153 154 182 217 219 220 236 240 292 308 314 317 372 388 392 
Clique of size 22 : 21 27 56 103 142 194 196 212 218 247 255 284 294 302 310 318 319 329 333 360 369 371 
Clique of size 22 : 23 33 42 47 69 74 99 106 127 153 179 213 229 237 238 242 255 291 316 369 396 399 
Clique of size 23 : 1 7 52 65 73 76 94 105 109 153 162 166 167 194 202 206 219 236 240 274 284 317 330 
Clique of size 22 : 10 26 33 45 74 97 149 150 179 183 189 215 238 256 257 258 295 316 331 340 374 376 
Clique of size 22 : 3 18 89 95 126 136 137 139 142 149 168 170 216 220 280 284 300 309 327 357 379 399 
Clique of size 22 : 4 33 52 87 101 118 129 154 185 193 202 217 236 238 247 249 291 314 317 321 355 389 
Clique of size 23 : 6 42 58 68 77 85 119 157 165 173 184 218 221 223 232 272 304 313 350 364 367 383 395 
Clique of size 22 : 48 63 65 73 81 102 131 134 151 177 181 195 206 212 237 242 274 284 323 330 357 387 
Clique of size 22 : 2 13 22 30 48 49 54 63 65 144 154 199 209 220 235 301 310 356 357 379 391 397 
Clique of size 21 : 19 22 65 91 104 118 124 129 150 154 156 157 159 169 202 212 217 221 248 355 389 
Clique of size 23 : 18 19 33 41 67 77 128 158 171 179 181 216 222 237 249 274 277 317 339 340 357 369 374 
Clique of size 22 : 14 22 31 37 82 85 100 131 160 200 210 214 223 234 237 250 261 272 284 323 371 376 
Clique of size 22 : 31 33 48 71 115 118 120 121 149 154 165 185 196 216 217 247 273 292 311 319 342 344 
Clique of size 23 : 29 40 56 59 94 97 118 165 187 194 198 225 227 228 232 247 256 283 295 304 305 341 378 
Clique of size 21 : 1 15 25 31 73 83 97 101 123 138 158 173 185 186 226 228 238 247 287 357 374 
Clique of size 23 : 4 26 39 49 56 58 63 80 104 116 121 123 145 146 189 227 228 232 248 257 280 317 391 
Clique of size 22 : 8 56 63 104 132 137 154 185 186 196 225 228 248 255 267 268 284 300 317 322 359 397 
Clique of size 24 : 9 18 23 26 40 74 153 210 227 229 230 231 246 271 275 293 302 315 321 330 336 350 357 382 
Clique of size 23 : 2 18 19 22 28 79 90 102 142 159 166 181 230 242 249 274 284 315 324 357 379 380 387 
Clique of size 23 : 18 40 41 47 75 77 78 143 177 195 227 229 230 231 294 298 312 315 316 345 374 375 382 
Clique of size 23 : 43 45 48 53 65 67 72 93 120 121 149 151 167 180 206 232 247 346 357 365 376 387 388 
Clique of size 21 : 65 69 75 108 126 137 145 159 167 203 209 233 237 263 265 279 284 302 365 387 398 
Clique of size 21 : 15 27 33 37 51 56 85 108 118 122 134 149 187 189 247 286 310 365 378 389 400 
Clique of size 22 : 1 14 40 86 100 109 113 162 185 194 196 235 236 238 269 272 297 345 357 367 376 379 
Clique of size 23 : 7 28 40 52 65 118 180 185 219 236 247 252 264 269 273 292 293 308 311 314 319 344 388 
Clique of size 22 : 1 65 75 95 126 139 149 170 209 220 280 284 286 303 309 310 327 349 379 392 397 399 
Clique of size 24 : 26 28 55 61 67 87 106 116 173 179 238 242 243 247 269 282 283 295 339 340 357 374 376 380 
Clique of size 22 : 2 10 46 63 94 125 149 154 178 185 196 239 264 291 296 308 314 316 335 344 354 384 
Clique of size 21 : 18 41 46 77 89 132 143 162 195 213 227 229 231 240 244 284 294 302 330 333 357 
Clique of size 21 : 1 2 3 8 66 68 102 142 181 194 195 196 199 241 324 351 357 369 379 383 397 
Clique of size 22 : 17 26 51 91 120 131 149 158 166 212 238 242 243 247 283 295 305 347 354 357 374 379 
Clique of size 24 : 4 23 26 33 52 67 68 87 101 158 173 179 181 209 238 247 249 265 283 317 339 357 374 379 
Clique of size 23 : 1 7 42 46 65 73 75 94 131 149 166 172 181 219 236 284 311 345 349 357 380 391 393 
Clique of size 22 : 8 17 19 23 26 28 53 67 74 128 137 158 164 242 247 249 271 289 313 357 376 379 
Clique of size 22 : 23 40 42 53 74 106 120 121 153 187 198 220 222 246 289 293 310 315 357 361 376 388 
Clique of size 23 : 17 32 48 65 67 72 74 120 167 179 220 242 247 250 265 275 289 293 301 357 371 376 379 
Clique of size 24 : 16 19 42 48 56 57 65 74 77 104 114 119 127 159 209 248 274 304 321 332 349 364 376 382 
Clique of size 22 : 19 38 91 94 96 109 118 128 131 158 187 200 210 222 249 274 277 283 296 374 376 379 
Clique of size 22 : 10 26 33 45 74 97 149 150 179 183 189 215 238 256 257 258 295 316 331 340 374 376 
Clique of size 23 : 52 65 73 91 109 118 126 141 150 153 167 193 194 237 238 251 263 279 288 313 317 341 387 
Clique of size 24 : 8 23 26 63 73 75 92 97 100 120 131 137 155 177 181 210 215 242 271 284 289 323 357 359 
Clique of size 23 : 19 42 71 108 119 162 171 174 184 213 242 249 253 262 299 311 323 326 328 339 342 353 383 
Clique of size 24 : 1 2 7 40 52 65 77 105 118 140 180 185 219 252 254 269 273 292 308 311 314 319 344 388 
Clique of size 23 : 26 63 89 97 104 130 137 149 166 181 189 196 215 234 242 255 267 276 284 315 316 344 399 
Clique of size 22 : 20 28 38 45 79 127 168 185 203 212 213 229 252 256 274 284 291 296 316 352 365 376 
Clique of size 22 : 36 43 65 95 120 121 149 153 166 174 176 180 217 236 238 257 261 311 349 361 387 391 
Clique of size 22 : 2 7 15 40 56 65 77 105 108 118 252 254 304 314 319 330 335 344 354 363 389 395 
Clique of size 22 : 2 45 46 63 69 73 75 94 118 123 125 149 185 206 215 219 225 272 284 315 366 393 
Clique of size 22 : 40 41 51 55 56 65 87 88 114 116 118 120 190 234 250 260 264 279 286 289 304 385 
Clique of size 22 : 5 28 42 65 70 87 99 108 116 133 162 184 236 238 242 261 274 295 323 338 357 379 
Clique of size 22 : 3 44 71 82 120 165 215 224 238 262 263 268 269 279 284 288 303 315 323 344 347 374 
Clique of size 23 : 32 69 77 81 92 97 138 150 164 181 189 200 213 215 218 238 242 250 265 274 283 284 357 
Clique of size 21 : 27 40 87 101 104 118 154 185 198 202 238 247 260 264 286 298 314 354 378 385 393 
Clique of size 23 : 17 32 48 65 67 72 74 120 167 179 220 242 247 250 265 275 289 293 301 357 371 376 379 
Clique of size 22 : 18 19 21 37 47 71 91 144 154 184 186 187 209 247 248 253 266 301 316 337 368 385 
Clique of size 24 : 18 34 49 58 75 77 85 104 176 192 204 213 215 227 246 268 284 295 312 316 332 374 375 382 
Clique of size 23 : 13 26 29 40 56 77 126 165 194 209 224 232 250 268 269 275 279 283 302 307 317 359 387 
Clique of size 23 : 26 29 35 40 97 121 153 164 165 207 215 224 225 228 232 238 257 268 269 295 319 366 380 
Clique of size 22 : 14 33 41 74 77 92 143 162 195 218 227 238 244 265 270 302 306 314 317 357 368 385 
Clique of size 23 : 9 23 24 26 53 69 74 124 137 153 164 168 179 190 210 242 271 275 289 293 355 357 376 
Clique of size 23 : 1 23 48 102 121 140 151 167 194 198 199 201 209 272 328 330 334 346 357 365 367 376 388 
Clique of size 23 : 7 28 31 40 52 65 73 76 94 105 109 118 153 166 194 202 236 238 258 273 314 317 321 
Clique of size 22 : 19 22 26 42 53 95 166 171 242 249 271 274 283 284 310 315 357 361 376 379 380 387 
Clique of size 25 : 9 26 34 42 58 74 77 91 104 127 159 189 213 215 231 246 263 274 295 312 316 336 338 350 374 
Clique of size 22 : 5 12 28 49 63 76 83 99 112 116 133 180 236 252 323 328 335 337 339 353 375 399 
Clique of size 22 : 30 65 134 149 177 178 194 209 232 236 238 265 269 277 286 313 345 357 358 366 371 376 
Clique of size 22 : 20 22 33 69 71 75 95 113 136 148 159 166 171 242 278 283 284 309 315 316 344 379 
Clique of size 22 : 13 40 65 77 108 118 120 126 165 180 197 215 224 232 238 250 268 269 275 279 317 387 
Clique of size 22 : 1 37 42 65 95 126 137 139 153 170 203 209 216 220 237 265 277 284 357 394 395 399 
Clique of size 21 : 5 11 26 49 54 73 77 92 97 103 176 194 228 271 281 292 336 338 346 348 354 
Clique of size 24 : 22 24 29 73 79 87 101 110 124 181 194 200 212 219 243 259 283 326 327 334 340 349 357 361 
Clique of size 23 : 22 42 61 65 87 106 116 120 131 179 220 236 238 242 247 265 275 283 289 348 357 376 379 
Clique of size 23 : 18 26 28 53 79 100 102 159 179 181 230 242 268 269 284 293 295 327 339 340 357 379 399 
Clique of size 21 : 1 5 49 52 63 65 77 96 104 127 137 185 215 271 285 296 301 311 338 357 367 
Clique of size 21 : 1 59 65 95 126 160 170 186 201 209 220 236 265 277 283 284 286 317 357 388 394 
Clique of size 21 : 13 42 65 69 95 99 131 215 242 283 284 287 295 309 313 335 339 353 357 379 399 
Clique of size 22 : 30 65 71 118 120 153 154 165 177 180 217 220 238 268 279 288 296 305 314 385 387 399 
Clique of size 23 : 1 40 73 77 83 91 92 109 150 166 194 226 228 238 240 273 274 289 295 330 341 357 375 
Clique of size 23 : 8 19 38 56 63 142 145 162 185 193 196 228 230 249 269 279 284 300 304 339 359 380 387 
Clique of size 24 : 47 61 69 73 76 87 106 153 167 177 180 229 236 238 242 275 291 292 321 347 357 375 384 394 
Clique of size 23 : 28 40 42 52 65 73 87 106 115 193 238 247 282 291 292 295 298 313 314 335 340 354 357 
Clique of size 24 : 9 18 23 26 40 74 153 210 227 229 230 231 246 271 275 293 302 315 321 330 336 350 357 382 
Clique of size 22 : 7 19 28 65 70 144 162 171 181 184 194 274 284 289 294 295 309 323 340 357 365 379 
Clique of size 23 : 13 26 40 69 73 77 109 110 158 162 166 180 215 238 274 275 279 283 295 313 357 387 399 
Clique of size 21 : 40 69 92 101 113 118 140 150 151 163 185 194 212 214 238 272 282 296 346 361 376 
Clique of size 23 : 1 8 26 37 40 49 52 56 77 86 97 100 146 158 162 180 196 254 282 297 310 318 319 
Clique of size 22 : 37 45 65 67 75 126 134 145 149 152 203 206 237 265 280 298 346 357 365 371 387 393 
Clique of size 21 : 14 28 37 42 45 73 115 119 125 146 149 159 170 203 236 256 291 292 299 335 399 
Clique of size 22 : 5 23 26 44 63 67 74 101 150 151 158 162 168 180 215 228 249 279 317 323 357 387 
Clique of size 24 : 47 61 69 73 87 106 153 167 177 180 193 229 236 238 242 275 291 292 301 321 347 357 384 394 
Clique of size 23 : 11 13 16 33 44 51 68 77 87 96 120 160 228 261 279 283 302 317 321 339 354 357 386 
Clique of size 22 : 23 26 42 55 73 87 106 123 127 131 181 193 238 242 247 275 295 321 339 357 374 380 
Clique of size 21 : 7 18 19 28 44 49 88 116 139 144 162 184 187 228 278 301 304 353 370 379 385 
Clique of size 23 : 16 29 37 40 43 49 56 65 77 97 118 194 199 225 227 282 295 297 304 305 314 354 358 
Clique of size 23 : 2 5 16 19 20 23 56 61 68 101 127 184 188 209 302 305 306 316 342 351 365 379 383 
Clique of size 22 : 2 9 13 16 29 40 56 65 68 77 79 87 176 177 194 197 224 228 232 268 269 282 
Clique of size 22 : 41 55 74 77 82 91 97 120 150 158 200 238 242 250 265 274 275 289 310 341 357 384 
Clique of size 22 : 22 28 32 42 65 74 99 121 137 139 242 247 289 293 295 309 323 340 357 376 379 382 
Clique of size 21 : 2 35 56 60 80 93 98 108 134 171 176 200 224 247 269 284 310 311 319 323 335 
Clique of size 22 : 10 32 34 43 49 59 63 78 79 104 144 149 155 170 178 189 215 232 311 318 357 360 
Clique of size 24 : 1 26 40 42 73 74 77 127 166 189 215 226 229 238 274 275 295 312 316 336 338 350 374 399 
Clique of size 23 : 15 28 55 65 73 83 102 106 166 173 181 243 247 282 287 292 295 313 321 324 341 357 399 
Clique of size 21 : 10 18 21 32 74 79 90 101 141 154 163 182 217 249 253 260 302 314 322 383 385 
Clique of size 23 : 2 19 23 49 58 102 134 139 142 159 179 190 215 242 315 327 339 357 360 369 370 376 379 
Clique of size 22 : 2 18 20 69 75 85 135 149 159 181 203 215 234 242 268 284 315 316 327 344 379 387 
Clique of size 24 : 5 13 48 54 56 63 71 73 74 118 146 154 163 180 185 219 224 228 237 279 317 354 364 387 
Clique of size 23 : 2 8 40 52 56 65 71 180 181 185 195 219 247 254 269 282 291 313 314 317 319 342 387 
Clique of size 22 : 17 40 48 71 74 91 115 118 154 164 165 189 196 211 224 238 247 273 289 292 295 319 
Clique of size 22 : 10 52 65 68 73 77 126 173 181 186 217 251 263 284 291 303 312 317 320 339 361 365 
Clique of size 22 : 7 42 46 51 65 89 120 131 149 166 181 232 236 243 277 292 296 311 314 321 357 393 
Clique of size 23 : 23 42 46 73 74 75 127 137 150 152 166 242 270 271 275 289 302 321 322 357 383 390 400 
Clique of size 23 : 46 49 63 65 112 133 162 181 186 199 202 206 236 242 244 265 268 284 317 323 379 391 397 
Clique of size 22 : 2 21 102 131 141 142 181 195 196 234 241 247 254 284 313 324 345 362 379 380 387 393 
Clique of size 20 : 6 19 26 34 39 42 58 181 183 195 232 284 295 313 324 325 349 377 387 393 
Clique of size 21 : 13 26 42 69 73 123 126 136 159 195 215 242 274 275 293 326 339 350 357 387 399 
Clique of size 23 : 9 23 24 26 69 74 124 137 153 164 168 179 210 229 242 271 275 289 293 355 357 376 382 
Clique of size 23 : 28 52 55 86 87 99 109 114 158 162 184 187 200 238 269 273 289 323 327 328 340 357 376 
Clique of size 22 : 19 43 49 65 69 116 137 162 184 185 209 259 280 284 296 304 351 357 365 367 376 379 
Clique of size 22 : 1 26 40 52 100 164 173 194 226 238 247 269 273 275 295 297 310 330 357 366 371 376 
Clique of size 23 : 23 46 92 97 103 120 121 137 153 155 164 181 190 207 210 213 215 242 271 303 311 323 331 
Clique of size 22 : 23 27 82 90 97 99 103 137 141 153 280 284 295 303 312 320 323 332 353 358 365 391 
Clique of size 23 : 17 28 32 51 88 89 115 121 122 139 142 166 170 191 273 277 287 293 311 332 333 352 379 
Clique of size 21 : 1 42 74 75 77 106 132 187 198 203 209 216 220 229 237 265 335 353 357 385 399 
Clique of size 22 : 1 4 7 10 52 53 57 65 77 89 94 109 118 128 166 180 292 303 314 330 344 363 
Clique of size 24 : 1 26 40 73 74 77 81 91 109 127 166 189 215 226 238 273 274 275 295 336 338 357 374 399 
Clique of size 22 : 14 23 24 42 45 47 52 73 126 173 181 238 284 291 311 313 349 357 377 387 390 400 
Clique of size 23 : 26 39 73 74 91 92 95 153 166 189 193 207 211 215 226 238 242 287 316 317 350 368 399 
Clique of size 23 : 8 63 73 76 81 151 154 181 206 229 230 242 274 284 291 317 339 340 356 357 359 369 375 
Clique of size 21 : 20 24 46 63 78 144 149 154 181 196 199 229 250 268 269 284 291 340 357 359 397 
Clique of size 21 : 1 2 7 10 54 65 73 75 77 78 180 181 185 195 237 291 292 295 301 345 357 
Clique of size 22 : 8 28 31 58 61 65 67 102 119 133 151 184 201 204 242 274 282 309 317 339 342 376 
Clique of size 23 : 8 26 37 40 49 52 56 77 86 97 100 146 158 162 180 196 254 282 297 310 318 319 354 
Clique of size 22 : 2 18 20 69 75 85 135 149 159 181 203 215 234 242 268 284 315 316 327 344 379 387 
Clique of size 21 : 1 7 39 65 94 126 149 153 167 181 194 202 209 232 236 238 277 284 296 345 349 
Clique of size 21 : 40 69 92 101 113 118 140 150 151 163 185 194 212 214 238 272 282 296 346 361 376 
Clique of size 23 : 26 40 73 91 92 95 97 150 153 166 176 193 215 226 238 288 295 310 316 344 354 385 387 
Clique of size 23 : 23 28 36 49 58 98 102 124 139 151 168 201 242 278 317 339 342 348 363 369 370 372 379 
Clique of size 22 : 1 4 5 7 10 19 24 58 63 65 116 144 180 181 199 233 303 317 349 357 360 366 
Clique of size 24 : 1 26 40 73 74 77 81 91 109 127 166 189 215 226 238 274 275 295 312 316 336 338 374 399 
Clique of size 22 : 1 49 65 75 95 137 139 216 265 271 280 284 286 295 298 336 351 357 358 365 379 391 
Clique of size 23 : 28 82 87 88 118 185 187 194 213 236 238 247 250 256 260 273 304 308 321 347 352 374 376 
Clique of size 23 : 5 19 49 56 63 73 74 118 150 154 163 180 185 193 228 237 248 263 279 317 354 364 385 
Clique of size 23 : 20 43 46 51 89 118 120 149 166 180 217 227 232 236 292 296 305 314 321 378 389 392 397 
Clique of size 23 : 9 24 26 69 74 124 129 137 153 164 168 179 190 210 229 242 271 275 289 293 315 357 376 
Clique of size 21 : 20 61 72 101 127 139 153 178 193 196 206 242 291 301 306 339 340 356 357 365 372 
Clique of size 23 : 18 26 28 53 79 100 102 159 179 181 230 242 268 269 284 293 295 327 339 340 357 379 399 
Clique of size 22 : 2 19 28 55 61 65 67 102 127 137 179 184 247 289 295 301 304 357 358 365 376 379 
Clique of size 23 : 8 19 38 56 63 142 145 162 185 193 196 228 230 249 269 279 284 300 304 339 359 380 387 
Clique of size 22 : 24 27 29 32 56 79 110 142 194 200 212 218 255 277 283 284 302 339 352 361 369 379 
Clique of size 23 : 22 29 52 87 94 101 126 148 194 202 209 212 236 238 250 274 283 294 347 357 361 374 379 
Clique of size 22 : 19 21 48 56 57 80 119 162 186 200 209 228 280 284 290 309 323 339 353 359 360 362 
Clique of size 22 : 21 47 56 119 141 162 169 184 193 209 228 232 248 254 279 284 304 313 323 359 389 395 
Clique of size 23 : 2 10 56 70 77 85 94 159 163 165 166 180 187 217 232 252 344 350 364 365 376 378 389 
Clique of size 22 : 19 69 72 87 91 94 101 102 108 127 167 200 209 272 274 304 328 357 365 367 376 379 
Clique of size 24 : 30 40 51 59 65 70 91 118 153 165 180 193 215 224 234 238 250 273 295 303 310 366 380 385 
Clique of size 21 : 19 43 49 58 63 65 104 116 157 209 232 259 280 284 296 304 351 357 366 367 376 
Clique of size 22 : 23 47 61 92 101 123 139 153 167 179 191 193 207 238 242 250 265 291 306 347 368 384 
Clique of size 22 : 20 33 58 77 127 132 159 184 205 213 215 226 229 231 248 252 263 274 284 316 332 336 
Clique of size 21 : 14 18 46 70 89 109 149 162 169 184 185 196 201 215 229 242 294 338 357 379 383 
Clique of size 23 : 17 32 48 65 67 72 74 120 167 179 220 242 247 250 265 275 289 293 301 357 371 376 379 
Clique of size 22 : 6 20 22 28 31 58 65 76 93 99 133 134 236 242 284 339 344 357 372 376 387 391 
Clique of size 22 : 17 19 30 44 95 96 101 135 142 215 271 283 287 305 313 353 357 379 380 381 382 385 
Clique of size 24 : 1 26 40 73 74 77 81 109 127 166 189 215 226 229 238 274 275 295 312 316 336 338 374 399 
Clique of size 22 : 8 28 52 79 87 114 153 164 167 179 181 194 202 236 249 271 274 289 296 315 357 375 
Clique of size 22 : 17 26 51 91 120 131 149 158 166 212 238 242 243 247 283 295 305 347 354 357 374 379 
Clique of size 23 : 2 13 27 63 65 70 93 108 134 151 209 247 284 310 323 324 330 357 371 376 387 395 400 
Clique of size 21 : 1 2 10 19 45 57 69 94 111 131 143 149 150 214 257 296 316 346 365 376 378 
Clique of size 22 : 10 26 33 45 74 97 149 150 179 183 189 215 238 256 257 258 295 316 331 340 374 376 
Clique of size 23 : 17 28 51 87 88 116 118 127 166 178 236 238 247 269 304 308 337 348 352 374 379 380 385 
Clique of size 21 : 1 7 57 74 89 106 123 135 146 163 167 187 228 260 262 322 334 353 357 381 385 
Clique of size 23 : 1 32 40 69 74 77 89 97 137 150 166 180 189 207 215 255 258 275 295 316 363 382 399 
Clique of size 23 : 5 10 16 18 19 33 56 68 101 118 154 165 184 228 237 249 263 279 302 317 339 342 383 
Clique of size 22 : 26 30 37 40 49 75 90 92 95 97 193 209 220 265 280 286 310 314 357 384 385 399 
Clique of size 21 : 7 18 19 28 44 49 88 116 139 144 162 184 187 228 278 301 304 353 370 379 385 
Clique of size 23 : 11 26 33 44 73 77 87 120 146 158 162 173 228 238 279 283 302 317 339 354 357 385 386 
Clique of size 23 : 22 63 65 120 131 133 138 206 236 242 247 250 261 265 283 284 339 357 371 372 376 379 387 
Clique of size 22 : 2 9 16 40 52 65 77 79 114 133 194 250 269 295 297 314 330 335 357 371 376 388 
Clique of size 22 : 33 52 87 101 104 123 129 154 185 202 217 236 238 247 291 314 317 321 342 355 389 390 
Clique of size 24 : 23 46 63 73 75 92 97 100 120 137 155 177 181 210 242 271 284 289 303 323 357 359 390 400 
Clique of size 22 : 8 43 53 61 63 65 89 120 137 162 167 180 206 242 261 271 288 354 357 387 391 397 
Clique of size 22 : 2 13 21 52 56 57 65 71 93 154 209 217 247 284 301 309 313 335 339 344 376 389 
Clique of size 22 : 8 41 66 75 90 92 155 181 203 210 215 229 242 259 284 289 294 315 357 379 380 393 
Clique of size 21 : 14 33 47 74 114 118 136 153 154 165 168 187 220 234 238 272 279 314 355 385 399 
Clique of size 23 : 2 35 56 63 65 104 118 154 185 219 225 228 237 247 248 291 317 342 344 354 387 389 395 
Clique of size 23 : 4 28 71 87 108 115 116 119 122 134 178 193 197 203 223 247 256 269 304 314 318 335 376 
Clique of size 22 : 6 52 65 76 93 100 104 105 137 143 172 175 202 206 242 271 284 312 323 365 391 397 
Clique of size 21 : 63 65 69 72 113 125 144 145 185 206 236 247 250 265 284 339 357 366 379 393 398 
Clique of size 23 : 13 26 40 69 73 77 109 110 158 162 166 180 215 238 274 275 279 283 295 313 357 387 399 
Clique of size 23 : 11 52 57 77 89 105 106 109 113 118 132 150 166 278 283 292 296 321 330 335 341 359 389 
