1. Clique of size 8 : 1 10 22 61 94 106 115 161 
Clique of size 9 : 1 15 22 29 98 115 169 173 189 
Clique of size 9 : 1 15 22 98 106 161 169 186 189 
Clique of size 10 : 2 21 35 77 83 84 105 110 132 185 
Clique of size 9 : 1 15 22 29 98 115 169 173 189 
Clique of size 10 : 2 21 35 77 83 84 105 110 132 185 
Clique of size 9 : 3 16 29 32 52 115 119 125 141 
Clique of size 9 : 4 10 14 50 69 70 118 134 158 
Clique of size 9 : 5 22 27 53 54 73 129 131 148 
Clique of size 10 : 10 41 48 49 63 71 88 94 120 157 
Clique of size 9 : 6 42 43 48 63 88 120 127 157 
Clique of size 9 : 6 8 28 37 61 83 87 109 132 
Clique of size 9 : 9 13 22 57 66 125 128 131 148 
Clique of size 10 : 10 32 41 49 92 103 108 134 141 200 
Clique of size 9 : 35 55 72 90 132 158 161 181 185 
Clique of size 10 : 12 19 36 44 58 69 81 117 118 152 
Clique of size 9 : 5 13 37 57 87 91 95 113 167 
Clique of size 9 : 10 14 54 70 95 118 124 136 198 
Clique of size 9 : 15 16 24 44 73 76 83 154 183 
Clique of size 9 : 16 35 56 68 86 96 115 154 171 
Clique of size 9 : 10 14 43 54 107 118 146 181 187 
Clique of size 9 : 25 26 70 89 106 153 161 178 197 
Clique of size 9 : 34 65 83 96 118 156 166 179 183 
Clique of size 10 : 14 34 43 58 59 69 118 152 170 181 
Clique of size 9 : 4 15 21 32 46 108 158 166 179 
Clique of size 10 : 6 8 10 48 71 88 91 94 131 148 
Clique of size 10 : 12 19 36 44 58 69 81 117 118 152 
Clique of size 10 : 4 15 57 69 82 87 92 113 150 169 
Clique of size 9 : 24 25 72 76 85 119 126 190 192 
Clique of size 9 : 1 15 22 29 98 106 169 186 189 
Clique of size 9 : 6 14 25 57 78 110 120 122 131 
Clique of size 9 : 12 28 61 73 109 139 146 151 172 
Clique of size 9 : 7 29 42 46 70 127 130 136 174 
2. Clique of size 11 : 30 36 84 85 102 118 150 163 176 183 200 
Clique of size 9 : 1 15 22 98 106 161 169 186 189 
Clique of size 10 : 2 21 35 77 83 84 105 110 132 185 
Clique of size 9 : 3 16 29 32 36 115 119 125 141 
Clique of size 9 : 10 14 50 69 70 107 118 134 158 
Clique of size 9 : 5 22 53 54 73 131 148 187 189 
Clique of size 10 : 10 41 48 49 63 71 88 120 144 157 
Clique of size 9 : 6 21 42 43 48 63 120 127 157 
Clique of size 9 : 28 49 61 87 92 94 109 117 132 
Clique of size 9 : 9 13 22 57 67 125 128 148 178 
Clique of size 10 : 10 32 41 49 92 103 108 134 141 200 
Clique of size 9 : 11 35 55 72 74 87 132 158 185 
Clique of size 10 : 12 19 36 58 69 81 117 118 152 170 
Clique of size 9 : 5 13 37 57 87 113 150 167 189 
Clique of size 9 : 10 14 54 70 95 118 124 136 198 
Clique of size 9 : 15 16 24 31 44 76 83 125 183 
Clique of size 9 : 16 35 56 68 86 96 115 154 175 
Clique of size 9 : 6 14 34 43 54 88 118 146 187 
Clique of size 9 : 25 26 41 70 89 106 153 161 197 
Clique of size 9 : 19 65 83 96 118 156 166 183 188 
Clique of size 10 : 14 34 43 58 59 69 118 146 170 181 
Clique of size 9 : 15 21 28 46 108 158 166 179 183 
Clique of size 10 : 6 10 22 71 88 91 94 131 148 157 
Clique of size 10 : 12 19 36 58 69 81 117 118 152 170 
Clique of size 10 : 4 15 57 82 87 92 113 125 150 169 
Clique of size 9 : 24 25 72 76 85 119 126 190 192 
Clique of size 9 : 1 15 22 98 115 161 169 173 189 
Clique of size 9 : 6 14 25 57 78 88 120 122 131 
Clique of size 9 : 12 28 53 73 109 146 151 172 182 
Clique of size 9 : 7 29 42 46 70 127 130 136 174 
Clique of size 11 : 30 36 84 85 102 118 150 163 176 183 200 
Clique of size 10 : 25 28 31 47 50 51 62 73 156 182 
Clique of size 9 : 4 16 32 41 52 115 134 141 153 
Clique of size 8 : 6 33 37 38 57 87 160 176 
Clique of size 8 : 16 29 35 54 141 159 186 189 
Clique of size 9 : 10 24 35 66 83 92 144 166 181 
Clique of size 10 : 23 49 85 90 102 103 108 142 147 195 
Clique of size 9 : 6 37 58 61 94 115 147 161 171 
Clique of size 10 : 10 38 49 73 94 109 134 139 182 186 
Clique of size 9 : 29 34 35 39 50 72 115 171 174 
Clique of size 9 : 8 42 49 63 64 85 88 120 163 
Clique of size 10 : 10 32 41 49 92 103 108 134 141 200 
Clique of size 9 : 6 42 43 48 63 88 120 127 157 
Clique of size 10 : 14 34 43 58 59 69 118 146 170 181 
Clique of size 10 : 12 19 36 58 69 81 117 118 152 170 
Clique of size 9 : 10 45 49 73 92 94 109 134 186 
Clique of size 10 : 2 28 46 49 61 83 110 113 179 198 
Clique of size 9 : 7 10 41 47 70 89 131 153 170 
Clique of size 9 : 4 10 32 41 70 92 120 125 141 
Clique of size 10 : 37 49 61 88 108 113 157 179 197 198 
Clique of size 10 : 10 38 49 73 94 109 134 139 182 186 
Clique of size 9 : 16 31 45 51 72 73 86 96 109 
Clique of size 9 : 10 35 47 52 60 67 95 111 167 
Clique of size 9 : 4 5 39 41 47 53 62 104 166 
Clique of size 9 : 10 22 41 54 70 95 120 125 131 
Clique of size 8 : 18 70 96 107 150 151 170 197 
Clique of size 9 : 8 11 23 56 76 91 102 163 167 
Clique of size 9 : 7 57 87 108 136 138 139 151 159 
Clique of size 10 : 12 19 36 58 69 81 117 118 152 170 
Clique of size 10 : 56 57 58 59 78 92 115 123 169 181 
Clique of size 9 : 7 16 24 31 45 83 109 116 181 
Clique of size 10 : 37 49 61 88 108 113 157 179 197 198 
Clique of size 9 : 28 38 39 50 51 62 116 156 178 
Clique of size 10 : 10 41 48 49 63 71 88 94 120 157 
Clique of size 10 : 5 7 13 16 40 41 53 85 163 183 
Clique of size 9 : 4 50 62 65 94 115 158 166 173 
Clique of size 9 : 23 44 66 109 110 121 134 147 185 
Clique of size 9 : 10 35 47 52 60 67 89 95 125 
Clique of size 8 : 19 41 54 68 117 125 185 198 
Clique of size 10 : 12 19 36 58 69 81 117 118 152 170 
Clique of size 9 : 4 16 32 41 52 115 134 141 153 
Clique of size 10 : 10 41 48 49 63 71 88 120 144 157 
Clique of size 9 : 11 53 72 109 132 158 161 172 185 
Clique of size 9 : 10 45 49 73 92 94 109 134 186 
Clique of size 9 : 24 35 42 50 74 89 136 166 178 
Clique of size 10 : 4 15 57 82 87 92 113 125 150 169 
Clique of size 9 : 15 16 24 31 44 76 83 125 183 
Clique of size 9 : 12 63 73 77 129 151 170 172 182 
Clique of size 10 : 6 8 10 48 71 88 91 94 131 148 
Clique of size 10 : 44 76 79 84 102 122 137 156 165 166 
Clique of size 9 : 46 49 75 80 88 96 113 144 179 
Clique of size 9 : 8 60 61 81 99 109 110 152 167 
Clique of size 10 : 8 13 37 49 61 82 87 90 102 150 
Clique of size 10 : 8 23 37 49 61 87 90 102 108 139 
Clique of size 9 : 25 26 28 51 112 122 126 166 178 
Clique of size 10 : 6 10 14 43 67 118 146 176 181 187 
Clique of size 9 : 4 19 32 69 86 121 134 158 175 
Clique of size 9 : 7 57 87 108 136 138 139 151 159 
Clique of size 10 : 6 8 10 48 63 71 88 91 94 148 
Clique of size 9 : 25 46 57 89 130 145 164 190 192 
Clique of size 10 : 8 23 37 49 61 87 90 102 108 132 
Clique of size 9 : 9 22 57 69 91 121 128 148 194 
Clique of size 9 : 1 7 8 48 49 61 94 105 120 
Clique of size 10 : 61 73 79 84 102 112 138 148 168 183 
Clique of size 10 : 6 8 10 48 63 71 88 91 94 148 
Clique of size 9 : 10 22 41 54 70 95 120 125 131 
Clique of size 9 : 5 57 58 96 129 167 170 183 189 
Clique of size 9 : 23 31 40 48 49 58 59 94 185 
Clique of size 9 : 22 29 44 47 58 98 104 113 189 
Clique of size 10 : 37 49 61 82 87 90 102 108 113 139 
Clique of size 9 : 10 35 47 52 60 67 89 95 111 
Clique of size 9 : 12 29 47 52 101 104 113 121 142 
Clique of size 11 : 36 84 85 90 102 118 150 163 176 183 200 
Clique of size 9 : 4 14 30 43 57 67 118 128 176 
Clique of size 9 : 15 22 29 44 58 98 113 143 189 
Clique of size 9 : 2 35 53 66 105 117 166 180 185 
Clique of size 9 : 25 46 57 89 130 145 164 190 192 
Clique of size 9 : 10 24 31 45 60 83 107 118 181 
Clique of size 9 : 46 63 80 106 108 136 159 161 172 
Clique of size 9 : 10 45 49 73 92 94 109 134 186 
Clique of size 10 : 23 49 61 94 109 110 117 132 147 185 
Clique of size 9 : 10 40 41 49 92 94 109 134 182 
Clique of size 9 : 49 70 112 134 141 147 149 186 200 
Clique of size 10 : 37 49 61 88 108 113 157 179 197 198 
Clique of size 9 : 8 17 28 31 83 100 110 135 137 
Clique of size 10 : 10 41 48 49 63 71 88 120 144 157 
Clique of size 9 : 19 24 84 108 116 119 152 155 174 
Clique of size 8 : 19 41 54 68 117 125 185 198 
Clique of size 9 : 10 14 54 70 95 118 124 136 198 
Clique of size 9 : 3 16 29 32 52 115 119 125 141 
Clique of size 10 : 7 49 59 61 64 94 105 120 157 172 
Clique of size 9 : 32 35 50 52 60 65 117 158 180 
Clique of size 9 : 31 44 51 109 114 121 156 178 180 
Clique of size 9 : 10 40 41 49 92 94 109 134 182 
Clique of size 9 : 3 28 47 87 116 124 139 179 189 
Clique of size 10 : 37 44 58 61 94 105 109 117 147 152 
Clique of size 9 : 24 25 72 76 85 119 126 190 192 
Clique of size 9 : 10 14 50 69 70 107 118 134 158 
Clique of size 9 : 14 57 69 91 118 128 163 183 194 
Clique of size 10 : 10 41 48 49 63 71 88 120 144 157 
Clique of size 9 : 23 44 58 80 95 111 118 137 166 
Clique of size 10 : 4 15 57 82 87 92 113 125 150 169 
Clique of size 9 : 7 16 24 31 45 83 109 116 181 
Clique of size 10 : 10 54 61 73 88 109 133 146 148 187 
Clique of size 10 : 10 32 41 49 92 103 108 134 141 200 
Clique of size 10 : 6 10 22 71 88 91 94 131 148 157 
Clique of size 9 : 9 46 69 70 75 80 136 158 196 
Clique of size 9 : 1 3 22 28 50 51 94 120 182 
Clique of size 10 : 10 38 49 73 94 109 134 139 182 186 
Clique of size 10 : 10 38 49 73 94 109 134 139 182 186 
Clique of size 8 : 15 23 26 46 58 80 108 166 
Clique of size 9 : 4 16 32 41 52 115 134 141 153 
Clique of size 9 : 10 32 41 70 92 106 115 141 142 
Clique of size 9 : 2 35 59 115 130 133 143 161 171 
Clique of size 10 : 10 24 54 107 126 144 151 173 181 182 
Clique of size 10 : 5 7 13 16 40 41 53 85 163 183 
Clique of size 9 : 6 10 43 50 60 146 160 169 187 
Clique of size 10 : 23 36 49 94 110 117 132 147 164 185 
Clique of size 10 : 9 57 84 108 112 134 148 165 178 200 
Clique of size 9 : 41 49 52 64 65 112 134 147 149 
Clique of size 9 : 2 35 69 130 150 154 171 180 186 
Clique of size 9 : 12 28 53 73 109 146 151 172 182 
Clique of size 10 : 61 68 109 117 138 147 152 161 185 190 
Clique of size 9 : 4 6 40 48 52 81 97 177 184 
Clique of size 9 : 15 23 44 46 58 69 76 154 183 
Clique of size 9 : 24 49 65 73 74 83 112 123 145 
Clique of size 9 : 44 47 76 79 102 137 156 165 166 
Clique of size 10 : 10 41 48 49 63 71 88 120 144 157 
Clique of size 9 : 10 14 50 69 70 107 118 134 158 
Clique of size 10 : 38 39 47 87 112 114 159 160 165 189 
Clique of size 10 : 4 39 44 47 87 114 124 160 165 189 
Clique of size 10 : 34 41 59 71 94 115 116 130 161 171 
Clique of size 9 : 14 30 83 84 110 131 132 185 198 
Clique of size 9 : 9 22 57 69 91 121 128 148 194 
Clique of size 9 : 7 13 16 31 45 83 107 132 145 
Clique of size 9 : 25 26 70 80 112 122 161 178 186 
Clique of size 10 : 10 38 49 73 94 109 134 139 182 186 
Clique of size 9 : 2 33 46 61 106 117 150 154 167 
Clique of size 10 : 6 10 48 63 71 88 91 94 148 157 
Clique of size 10 : 10 43 60 115 144 146 169 176 181 187 
Clique of size 9 : 18 33 43 68 75 150 161 170 198 
Clique of size 10 : 34 41 59 71 94 115 116 130 161 171 
Clique of size 9 : 13 53 61 111 150 159 161 172 189 
Clique of size 9 : 7 24 25 57 78 82 89 103 169 
Clique of size 9 : 25 70 80 98 112 122 147 161 186 
Clique of size 10 : 8 23 49 56 61 90 102 108 132 175 
Clique of size 10 : 6 10 14 43 67 118 146 176 181 187 
Clique of size 10 : 6 8 10 48 63 71 88 91 94 148 
Clique of size 9 : 21 32 37 84 90 108 132 141 200 
Clique of size 10 : 2 28 46 49 61 83 110 113 179 198 
Clique of size 9 : 10 36 54 70 100 112 141 186 200 
Clique of size 9 : 7 10 31 48 94 118 131 181 200 
Clique of size 10 : 10 38 49 73 94 109 134 139 182 186 
Clique of size 9 : 7 19 24 85 118 136 166 172 183 
Clique of size 9 : 28 38 39 47 50 51 62 116 156 
Clique of size 10 : 12 19 36 58 69 81 117 118 152 170 
Clique of size 10 : 10 38 49 73 94 109 134 139 182 186 
Clique of size 9 : 4 6 10 45 92 94 118 176 181 
Clique of size 9 : 9 14 57 69 118 128 134 163 194 
Clique of size 10 : 38 39 47 87 112 114 159 160 165 189 
Clique of size 9 : 1 15 22 24 98 106 161 169 190 
Clique of size 9 : 2 30 67 84 85 102 103 150 166 
Clique of size 10 : 32 69 70 107 150 151 170 192 197 198 
Clique of size 10 : 6 8 10 48 71 88 91 94 131 148 
Clique of size 11 : 30 36 84 85 102 118 150 163 176 183 200 
Clique of size 9 : 41 63 71 103 108 159 161 171 195 
Clique of size 9 : 15 22 29 44 58 98 113 143 189 
Clique of size 9 : 24 25 28 84 103 109 122 151 178 
Clique of size 9 : 10 14 54 70 95 118 124 136 198 
Clique of size 9 : 42 53 74 76 100 128 137 157 166 
Clique of size 9 : 10 36 54 55 70 78 112 185 200 
