1. Clique of size 11 : 1 8 13 22 41 52 78 83 92 114 116 
Clique of size 11 : 1 8 13 22 41 78 83 114 116 124 152 
Clique of size 11 : 2 6 16 22 40 74 84 110 117 124 161 
Clique of size 9 : 1 8 12 72 86 96 105 114 149 
Clique of size 11 : 4 6 16 22 38 72 86 108 117 126 161 
Clique of size 11 : 5 7 16 25 37 74 81 110 112 120 164 
Clique of size 11 : 2 6 16 22 40 74 84 110 117 124 161 
Clique of size 11 : 5 7 16 25 37 74 81 110 112 120 164 
Clique of size 11 : 1 8 13 22 41 78 83 114 116 124 152 
Clique of size 11 : 4 9 13 19 35 81 83 109 116 123 164 
Clique of size 9 : 14 16 32 35 81 109 111 119 137 
Clique of size 11 : 2 11 15 17 35 81 83 109 118 123 162 
Clique of size 11 : 1 12 17 24 37 74 81 112 118 120 156 
Clique of size 11 : 1 8 13 22 41 78 83 114 116 124 152 
Clique of size 11 : 1 15 22 30 41 76 83 112 118 126 150 
Clique of size 11 : 1 8 15 22 41 76 83 112 118 126 150 
Clique of size 11 : 5 7 16 27 37 72 81 90 108 114 162 
Clique of size 11 : 1 12 17 24 37 74 81 112 118 120 156 
Clique of size 9 : 3 18 30 35 75 105 111 129 149 
Clique of size 11 : 1 12 19 24 37 72 81 114 116 122 154 
Clique of size 11 : 2 6 16 22 40 61 74 84 92 110 117 
Clique of size 9 : 3 21 28 37 72 105 111 129 149 
Clique of size 11 : 1 8 13 22 41 78 83 114 116 124 152 
Clique of size 11 : 4 13 27 31 35 56 75 81 108 117 131 
Clique of size 11 : 2 6 22 24 40 74 76 109 118 132 153 
Clique of size 11 : 2 11 15 25 35 75 81 110 117 131 154 
Clique of size 11 : 5 16 27 29 37 62 72 81 108 114 122 
Clique of size 11 : 4 9 13 27 35 75 81 108 117 131 156 
Clique of size 11 : 2 16 22 28 40 74 84 92 110 117 161 
Clique of size 11 : 5 16 25 29 37 74 81 88 110 112 164 
Clique of size 11 : 1 13 22 30 41 78 83 92 114 116 152 
Clique of size 11 : 4 13 19 31 35 81 83 91 109 116 164 
Clique of size 11 : 2 6 16 22 40 90 92 114 119 128 165 
Clique of size 11 : 2 15 17 33 35 81 83 91 109 118 162 
Clique of size 11 : 1 17 24 34 37 74 81 88 112 118 156 
Clique of size 11 : 2 11 15 25 35 75 81 110 117 131 154 
Clique of size 11 : 5 8 15 22 36 75 84 110 112 134 150 
Clique of size 11 : 1 12 19 24 37 72 81 114 116 122 154 
Clique of size 11 : 4 6 22 24 38 72 78 109 116 134 153 
Clique of size 9 : 6 22 30 39 73 75 111 117 149 
Clique of size 11 : 2 6 22 24 40 74 76 109 118 132 153 
Clique of size 11 : 1 8 15 22 41 76 83 112 118 126 150 
Clique of size 11 : 4 16 22 28 38 87 98 112 120 134 142 
Clique of size 11 : 5 16 25 29 64 86 91 100 120 126 143 
Clique of size 11 : 5 13 22 30 36 87 101 109 123 134 144 
Clique of size 11 : 4 13 19 31 64 86 88 94 123 132 145 
Clique of size 9 : 6 8 29 67 73 99 119 129 146 
Clique of size 11 : 2 15 17 33 62 84 90 92 123 134 147 
Clique of size 11 : 1 17 24 34 37 87 93 111 122 129 148 
Clique of size 11 : 6 11 29 30 45 72 86 105 114 128 149 
Clique of size 11 : 1 15 22 30 44 72 90 97 128 134 150 
Clique of size 11 : 1 8 15 22 72 94 96 122 129 150 167 
Clique of size 11 : 1 13 22 30 44 74 88 97 130 132 152 
Clique of size 11 : 2 22 24 28 42 75 97 99 125 134 153 
Clique of size 11 : 1 19 24 34 54 76 94 99 130 132 148 
Clique of size 11 : 1 12 49 55 67 74 81 117 137 156 161 
Clique of size 11 : 1 17 24 34 56 78 92 99 128 134 148 
Clique of size 9 : 2 6 22 72 79 105 107 129 161 
Clique of size 11 : 2 11 49 58 65 81 83 114 135 152 162 
Clique of size 11 : 2 6 16 22 40 61 74 84 92 110 117 
Clique of size 11 : 4 9 49 60 65 81 83 112 135 150 164 
Clique of size 11 : 2 16 22 28 42 83 91 97 126 133 161 
Clique of size 11 : 2 15 17 33 62 84 90 92 125 134 147 
Clique of size 11 : 5 7 49 63 67 74 81 109 137 153 164 
Clique of size 11 : 4 13 19 31 64 86 88 94 125 132 145 
Clique of size 11 : 4 6 16 22 38 88 102 112 119 130 165 
Clique of size 11 : 5 7 16 25 66 86 88 94 123 132 164 
Clique of size 11 : 5 8 13 22 36 91 102 109 119 133 167 
Clique of size 11 : 4 9 13 19 68 86 91 100 120 126 164 
Clique of size 11 : 7 28 37 61 69 74 97 105 144 149 170 
Clique of size 11 : 2 11 15 17 70 84 91 102 122 124 162 
Clique of size 11 : 1 12 17 24 37 90 97 111 119 125 171 
Clique of size 11 : 1 12 19 24 37 72 81 114 116 122 154 
Clique of size 11 : 1 17 24 34 56 74 81 88 112 118 137 
Clique of size 11 : 1 12 17 24 37 74 81 112 118 120 156 
Clique of size 11 : 5 8 13 22 75 86 108 114 132 136 152 
Clique of size 11 : 1 8 15 22 41 76 83 112 118 126 150 
Clique of size 11 : 2 6 16 22 40 61 74 84 92 110 117 
Clique of size 11 : 1 8 13 22 41 78 83 114 116 124 152 
Clique of size 11 : 2 15 17 33 47 87 96 105 123 129 135 
Clique of size 9 : 3 6 8 49 72 78 105 111 159 
Clique of size 11 : 1 12 19 24 37 72 81 114 116 122 154 
Clique of size 11 : 2 15 25 33 35 75 81 99 110 117 154 
Clique of size 11 : 2 11 15 17 35 81 83 109 118 123 162 
Clique of size 11 : 2 6 16 22 40 74 84 110 117 124 161 
Clique of size 9 : 1 12 17 24 37 71 93 111 119 
Clique of size 11 : 4 6 16 22 38 72 86 108 117 126 161 
Clique of size 11 : 2 16 22 28 87 96 114 122 132 140 142 
Clique of size 11 : 4 6 16 22 38 88 102 112 119 130 165 
Clique of size 11 : 1 8 15 22 50 72 96 102 122 129 167 
Clique of size 11 : 2 6 16 22 40 90 100 114 119 128 165 
Clique of size 11 : 5 8 13 22 36 91 102 109 119 133 167 
Clique of size 11 : 1 17 24 34 56 78 92 99 128 134 148 
Clique of size 11 : 1 17 24 34 37 87 93 111 120 129 148 
Clique of size 11 : 1 19 24 34 54 76 94 99 130 132 148 
Clique of size 11 : 5 13 22 30 44 74 88 97 124 130 152 
Clique of size 11 : 2 15 17 33 35 87 96 105 123 129 147 
Clique of size 11 : 4 6 16 22 88 94 112 119 130 138 165 
Clique of size 11 : 4 13 19 31 35 87 98 105 123 129 145 
Clique of size 11 : 1 8 13 22 41 94 99 117 119 125 167 
Clique of size 11 : 2 15 25 33 54 76 90 100 126 133 147 
Clique of size 11 : 5 16 25 29 37 87 101 111 120 129 143 
Clique of size 11 : 4 13 27 31 56 78 88 102 124 133 145 
Clique of size 11 : 4 9 13 19 91 97 105 119 130 135 168 
Clique of size 9 : 4 16 22 28 73 75 104 111 129 
Clique of size 11 : 6 11 29 30 45 72 86 105 114 128 149 
Clique of size 11 : 4 13 27 31 75 81 108 117 131 135 156 
Clique of size 9 : 5 13 20 37 72 81 105 115 159 
Clique of size 11 : 4 13 27 31 35 75 81 108 117 131 156 
Clique of size 9 : 1 16 22 41 61 83 108 117 126 
Clique of size 11 : 2 15 25 33 35 75 81 110 117 131 154 
Clique of size 11 : 8 12 28 31 43 75 86 111 117 125 149 
Clique of size 9 : 2 13 22 40 52 74 108 114 132 
Clique of size 9 : 18 20 34 72 78 105 114 128 149 
Clique of size 9 : 3 19 21 72 86 96 126 150 164 
Clique of size 11 : 5 7 16 27 72 81 108 114 122 137 162 
Clique of size 11 : 4 13 19 31 35 81 83 109 116 123 164 
Clique of size 9 : 5 14 23 37 72 81 109 111 149 
Clique of size 11 : 2 15 17 33 35 81 83 109 118 123 162 
Clique of size 11 : 4 9 13 19 35 97 99 105 119 130 168 
Clique of size 11 : 1 8 13 22 52 74 98 100 120 129 167 
Clique of size 9 : 1 8 34 49 72 78 111 117 155 
Clique of size 11 : 1 8 15 22 50 72 96 102 122 129 167 
Clique of size 11 : 2 6 16 22 61 83 94 101 123 129 165 
Clique of size 11 : 1 12 17 24 71 78 88 102 124 131 156 
Clique of size 11 : 1 8 15 22 41 94 99 117 119 125 167 
Clique of size 11 : 1 12 19 24 71 76 90 100 126 131 154 
Clique of size 9 : 1 8 12 49 72 96 105 129 167 
Clique of size 11 : 2 11 15 25 35 97 99 105 119 128 170 
Clique of size 9 : 3 23 28 37 72 97 105 111 149 
Clique of size 11 : 4 9 13 27 35 97 99 105 119 130 168 
Clique of size 11 : 2 6 22 24 53 75 93 102 129 131 165 
Clique of size 11 : 2 11 15 25 70 76 94 99 122 132 154 
Clique of size 11 : 5 8 15 22 36 91 102 109 119 133 167 
Clique of size 11 : 4 9 13 27 68 78 92 99 120 134 156 
Clique of size 11 : 2 11 15 25 75 81 99 110 117 135 154 
Clique of size 11 : 5 8 15 22 75 84 102 110 112 136 150 
Clique of size 11 : 1 12 19 24 72 81 90 114 116 137 154 
Clique of size 11 : 4 6 22 24 72 78 102 109 116 138 153 
Clique of size 11 : 1 12 17 24 37 71 88 97 111 119 125 
Clique of size 11 : 2 6 22 24 74 76 100 109 118 140 153 
Clique of size 11 : 1 8 15 22 76 83 94 112 118 141 150 
Clique of size 11 : 4 16 22 28 87 98 112 120 126 138 142 
Clique of size 11 : 5 16 25 29 64 86 91 100 126 128 143 
Clique of size 11 : 5 13 22 30 87 101 109 123 132 136 144 
Clique of size 11 : 4 13 19 31 64 86 88 94 125 132 145 
Clique of size 9 : 6 8 29 67 73 91 119 129 146 
Clique of size 11 : 2 15 17 33 62 84 90 92 125 134 147 
Clique of size 11 : 1 17 24 34 37 87 93 111 120 129 148 
Clique of size 11 : 6 11 29 30 72 78 105 114 128 145 149 
Clique of size 11 : 1 15 22 30 72 90 97 126 128 144 150 
Clique of size 9 : 1 30 34 49 80 86 111 117 155 
Clique of size 11 : 1 13 22 30 74 88 97 124 130 144 152 
Clique of size 11 : 2 22 24 28 75 97 99 125 132 142 153 
Clique of size 11 : 1 19 24 34 48 54 76 94 99 130 132 
Clique of size 11 : 1 12 37 56 61 74 81 117 149 155 167 
Clique of size 11 : 1 17 24 34 48 56 78 92 99 128 134 
Clique of size 11 : 5 7 16 25 37 64 74 81 88 110 112 
Clique of size 11 : 2 11 35 52 62 81 83 114 149 158 165 
Clique of size 9 : 3 6 30 49 80 86 105 111 159 
Clique of size 11 : 4 9 35 50 64 81 83 112 149 160 165 
Clique of size 11 : 2 16 22 28 83 91 97 124 133 142 161 
Clique of size 11 : 2 15 17 33 47 62 84 90 92 125 134 
Clique of size 11 : 5 7 37 53 64 74 81 109 149 163 167 
Clique of size 11 : 4 13 19 31 45 64 86 88 94 125 132 
Clique of size 11 : 4 6 16 22 88 94 112 119 130 138 165 
Clique of size 11 : 5 7 16 25 66 86 94 96 123 132 164 
Clique of size 11 : 5 8 13 22 91 100 109 119 133 136 167 
Clique of size 11 : 4 9 13 19 68 86 93 100 120 126 164 
Clique of size 11 : 7 28 44 49 70 74 97 105 137 161 169 
Clique of size 11 : 2 11 15 17 70 84 93 102 122 124 162 
Clique of size 11 : 1 12 17 24 37 88 97 111 119 125 171 
