1. Clique of size 16 : 1 3 7 9 11 14 17 20 23 26 28 31 34 38 41 44 
Clique of size 16 : 1 6 8 9 11 14 16 20 23 27 29 32 34 37 40 43 
Clique of size 16 : 2 5 8 9 10 13 16 19 22 26 29 33 35 38 40 43 
Clique of size 16 : 4 5 8 9 10 15 16 19 22 25 28 33 34 38 40 43 
Clique of size 16 : 4 6 7 8 10 14 18 20 22 25 30 31 34 39 41 43 
Clique of size 16 : 5 6 7 9 10 13 17 19 22 25 29 31 34 37 42 43 
Clique of size 16 : 5 6 7 9 10 13 17 19 23 25 29 31 34 37 42 43 
Clique of size 16 : 2 5 8 9 10 13 16 19 23 26 29 33 35 37 40 43 
Clique of size 16 : 4 5 8 9 10 15 16 19 22 25 28 33 34 38 40 43 
Clique of size 16 : 4 5 8 9 10 15 16 19 22 25 28 33 34 38 40 43 
Clique of size 16 : 2 5 8 9 10 13 16 19 22 26 29 33 35 38 40 43 
Clique of size 16 : 1 4 7 9 11 14 17 20 24 26 28 31 35 37 40 43 
Clique of size 16 : 1 3 7 9 11 14 17 20 24 26 28 31 35 38 42 44 
Clique of size 16 : 2 5 8 9 12 15 16 19 22 25 29 33 35 37 40 44 
Clique of size 16 : 1 6 8 9 11 14 16 20 23 27 29 31 34 37 40 43 
Clique of size 16 : 2 6 7 9 10 14 17 20 23 25 29 32 36 37 40 43 
Clique of size 16 : 1 6 8 9 12 13 16 20 23 27 28 31 34 37 41 43 
Clique of size 16 : 1 4 7 9 11 14 17 20 24 26 28 31 34 38 42 43 
Clique of size 16 : 1 5 7 8 12 13 18 21 23 26 28 31 35 37 40 44 
Clique of size 16 : 2 5 8 9 10 13 16 19 22 26 29 33 35 38 40 43 
Clique of size 16 : 1 6 8 9 11 14 16 20 23 27 29 31 34 37 40 43 
Clique of size 16 : 1 5 7 8 12 13 18 21 23 26 28 31 35 37 40 44 
Clique of size 16 : 2 5 8 9 10 13 16 19 22 26 29 33 35 38 40 43 
Clique of size 16 : 2 5 8 9 12 15 16 19 22 25 29 33 35 37 40 44 
Clique of size 16 : 1 4 7 9 11 14 17 20 24 26 28 31 34 38 42 43 
Clique of size 16 : 2 5 8 9 10 13 16 19 22 26 29 33 35 38 40 43 
Clique of size 16 : 2 6 7 9 10 14 17 20 23 25 29 32 36 37 40 43 
Clique of size 16 : 1 6 8 9 12 13 16 20 23 27 28 31 34 37 41 43 
Clique of size 16 : 1 4 7 9 11 14 17 20 24 26 28 31 35 37 40 43 
Clique of size 16 : 2 5 8 9 12 15 16 19 22 25 29 33 35 37 40 44 
Clique of size 16 : 1 5 7 8 12 13 18 21 23 26 28 31 35 37 40 44 
Clique of size 16 : 1 4 7 9 11 14 17 20 24 26 28 31 35 37 40 43 
Clique of size 16 : 1 6 8 9 11 14 16 20 23 27 29 31 34 37 40 43 
Clique of size 16 : 1 6 8 9 12 13 16 20 23 27 28 31 34 37 41 43 
Clique of size 16 : 1 4 7 9 11 14 17 20 24 26 28 31 35 37 40 43 
Clique of size 16 : 2 6 7 9 10 14 17 20 23 25 29 32 36 37 40 43 
Clique of size 16 : 1 4 7 9 11 14 17 20 24 26 28 31 34 38 42 43 
Clique of size 16 : 1 3 7 9 11 14 17 20 24 26 28 31 35 38 42 44 
Clique of size 16 : 2 6 7 9 10 14 17 20 23 25 29 32 36 37 40 43 
Clique of size 16 : 1 5 7 8 12 13 18 21 23 26 28 31 35 37 40 44 
Clique of size 16 : 1 3 7 9 11 14 17 20 24 26 28 31 35 38 42 44 
Clique of size 16 : 1 6 8 9 11 14 16 20 23 27 29 31 34 37 40 43 
Clique of size 16 : 1 4 7 9 11 14 17 20 24 26 28 31 34 38 42 43 
Clique of size 16 : 1 3 7 9 11 14 17 20 24 26 28 31 35 38 42 44 
Clique of size 16 : 2 5 8 9 12 15 16 19 22 25 29 33 35 37 40 44 
Clique of size 16 : 1 6 8 9 12 13 16 20 23 27 28 31 34 37 41 43 
