1. Clique of size 16 : 1 8 9 19 36 45 48 54 55 74 78 99 144 182 196 197 
Clique of size 16 : 1 8 9 19 36 45 48 54 55 74 99 144 182 196 197 200 
Clique of size 17 : 1 27 36 45 49 50 54 55 67 81 82 89 94 99 179 196 200 
Clique of size 16 : 1 8 9 19 36 45 48 54 55 74 78 99 144 182 196 197 
Clique of size 17 : 1 27 36 45 49 54 55 67 81 82 89 94 99 103 179 188 200 
Clique of size 17 : 3 8 9 12 25 31 36 63 122 129 130 143 163 169 190 191 192 
Clique of size 18 : 34 35 39 41 42 55 96 102 104 105 107 109 110 124 158 162 176 184 
Clique of size 16 : 1 8 9 19 36 45 48 54 55 74 99 144 182 196 197 200 
Clique of size 17 : 1 27 36 45 49 50 54 55 67 81 82 89 94 99 179 196 200 
Clique of size 17 : 3 8 9 12 25 31 36 57 63 97 122 130 163 169 190 191 192 
Clique of size 18 : 34 35 39 41 42 55 96 102 104 105 107 109 110 124 158 162 176 184 
Clique of size 15 : 1 2 15 36 43 46 55 81 118 141 166 170 173 182 196 
Clique of size 16 : 6 18 26 36 50 52 78 89 99 114 122 146 153 164 173 196 
Clique of size 16 : 2 15 27 43 55 56 74 129 139 166 167 192 194 196 197 200 
Clique of size 17 : 27 36 42 54 66 88 89 103 111 114 129 143 165 179 194 196 200 
Clique of size 17 : 3 8 9 12 25 31 36 57 63 97 122 130 163 169 190 191 192 
Clique of size 16 : 8 10 19 34 35 48 55 74 85 135 139 145 164 187 196 200 
Clique of size 18 : 11 17 26 35 39 58 72 79 82 99 109 119 124 126 127 153 154 158 
Clique of size 17 : 3 8 9 12 25 31 36 57 63 97 122 130 163 169 190 191 192 
Clique of size 16 : 13 22 54 68 100 106 117 125 126 127 132 141 153 173 178 193 
Clique of size 17 : 11 17 26 30 39 58 69 79 81 82 97 110 124 136 154 158 199 
Clique of size 16 : 19 32 36 43 48 55 74 76 85 95 129 133 139 164 166 196 
Clique of size 16 : 3 8 9 12 25 26 36 53 55 85 101 129 143 144 163 166 
Clique of size 17 : 2 17 35 43 58 82 99 101 107 109 123 124 126 127 129 154 158 
Clique of size 17 : 18 49 52 55 67 85 86 87 92 116 137 144 166 169 175 182 184 
Clique of size 16 : 2 3 8 27 45 49 50 54 55 56 129 143 165 190 192 200 
Clique of size 18 : 4 11 17 20 26 39 58 72 79 81 99 109 124 126 153 154 158 181 
Clique of size 15 : 2 21 31 47 92 97 98 100 110 136 142 148 156 167 193 
Clique of size 17 : 1 27 36 45 54 55 67 81 89 94 103 106 111 170 179 196 199 
Clique of size 17 : 3 4 11 17 20 39 50 58 67 72 81 99 123 124 153 158 173 
Clique of size 17 : 3 4 11 17 26 39 50 58 67 72 81 99 119 124 153 158 173 
Clique of size 16 : 8 15 25 27 51 55 56 67 96 117 145 156 158 159 171 199 
Clique of size 17 : 26 36 50 55 71 76 82 85 88 89 129 130 143 144 171 179 196 
Clique of size 17 : 3 19 20 27 36 40 50 52 67 77 81 99 123 124 153 197 200 
Clique of size 14 : 3 4 8 23 27 59 66 67 68 124 125 145 147 190 
Clique of size 17 : 17 35 39 53 72 79 95 96 99 107 109 119 124 127 128 154 158 
Clique of size 16 : 3 9 15 30 32 43 55 67 85 101 115 153 160 192 197 200 
Clique of size 15 : 3 8 9 12 31 36 54 65 79 95 97 130 141 188 199 
Clique of size 16 : 3 9 15 30 32 43 55 67 85 101 115 153 160 192 197 200 
Clique of size 16 : 15 30 32 33 45 55 78 101 115 136 142 163 174 192 196 197 
Clique of size 16 : 8 25 34 39 40 41 55 56 57 74 124 136 147 160 169 190 
Clique of size 16 : 4 8 34 39 41 42 53 57 79 96 124 128 175 184 187 190 
Clique of size 17 : 1 27 36 45 49 50 54 55 67 81 82 89 94 99 179 196 200 
Clique of size 15 : 1 22 36 37 39 45 55 63 107 118 149 179 183 196 199 
Clique of size 16 : 2 3 8 15 17 31 38 47 51 129 130 156 163 164 171 190 
Clique of size 16 : 11 17 20 28 35 58 60 96 105 109 112 123 124 126 158 171 
Clique of size 16 : 8 25 34 39 40 41 55 56 57 74 124 136 147 160 169 190 
Clique of size 16 : 19 22 32 34 45 48 52 55 62 74 76 78 119 133 153 197 
Clique of size 16 : 8 35 39 42 55 96 99 105 107 110 119 124 158 184 187 199 
Clique of size 16 : 19 32 36 43 48 55 74 76 85 95 129 133 139 164 166 196 
Clique of size 14 : 15 32 36 38 39 44 47 55 67 81 90 96 196 199 
Clique of size 17 : 1 27 36 45 49 50 54 55 67 81 82 89 94 99 179 196 200 
Clique of size 17 : 27 36 42 54 66 88 89 103 111 114 129 143 165 179 194 196 200 
Clique of size 16 : 1 2 8 15 36 38 47 55 74 78 153 163 164 171 194 196 
Clique of size 16 : 19 22 32 36 48 52 55 62 74 76 78 119 133 139 153 197 
Clique of size 17 : 1 27 36 45 49 50 54 55 67 81 82 89 94 99 179 188 200 
Clique of size 16 : 3 8 9 19 25 36 50 55 63 90 124 129 130 165 171 190 
Clique of size 16 : 2 25 35 42 51 55 88 96 107 108 116 124 130 139 164 171 
Clique of size 16 : 4 11 17 20 35 57 58 70 96 99 105 109 112 123 124 171 
Clique of size 18 : 34 35 39 41 42 55 96 102 104 105 107 109 110 124 158 162 176 184 
Clique of size 17 : 1 22 27 36 45 54 55 67 81 89 94 103 106 111 179 188 199 
Clique of size 17 : 1 27 36 45 49 50 54 55 67 81 82 89 94 99 179 196 200 
Clique of size 16 : 2 32 44 51 55 56 85 88 89 96 121 131 148 164 171 200 
Clique of size 16 : 4 8 34 35 39 41 42 55 96 105 110 119 124 158 184 187 
Clique of size 18 : 4 11 17 20 26 35 58 72 79 99 109 124 126 153 154 158 164 181 
Clique of size 15 : 2 35 42 51 55 59 107 108 111 116 124 130 164 171 190 
Clique of size 17 : 11 20 35 58 60 92 105 109 112 117 121 124 126 150 153 158 176 
Clique of size 16 : 8 25 27 42 51 55 56 57 96 105 117 124 145 171 194 199 
Clique of size 15 : 4 8 45 55 96 105 106 110 113 124 137 182 184 188 199 
Clique of size 15 : 4 34 39 55 57 63 67 71 116 124 171 173 183 184 190 
Clique of size 17 : 1 27 36 45 54 55 67 82 89 94 102 103 106 170 179 188 199 
Clique of size 15 : 3 17 20 36 39 40 65 97 101 146 148 153 154 163 194 
Clique of size 15 : 1 2 15 17 21 33 66 78 98 108 127 130 135 139 172 
Clique of size 16 : 1 19 27 30 45 50 52 55 67 81 82 99 153 196 197 200 
Clique of size 17 : 3 8 9 12 25 31 36 57 63 97 122 130 163 169 190 191 192 
Clique of size 16 : 11 25 39 55 56 57 69 96 105 108 116 124 137 171 175 199 
Clique of size 16 : 3 4 11 17 20 50 58 67 99 112 123 124 153 158 171 173 
Clique of size 15 : 4 8 16 26 39 42 55 69 71 99 101 110 137 139 184 
Clique of size 18 : 4 11 17 20 26 39 58 72 81 99 109 124 126 153 154 158 173 181 
Clique of size 15 : 32 44 51 56 60 65 73 89 96 118 148 182 186 193 200 
Clique of size 16 : 19 32 36 43 48 55 74 76 85 95 129 133 139 164 166 196 
Clique of size 16 : 2 15 27 31 36 74 82 84 129 139 140 166 192 196 197 200 
Clique of size 16 : 9 19 36 43 48 53 55 74 95 129 133 142 164 166 194 196 
Clique of size 17 : 3 13 22 25 27 43 67 68 84 92 125 133 147 153 158 178 197 
Clique of size 17 : 9 17 26 29 36 44 54 78 79 81 82 97 100 122 141 153 154 
Clique of size 16 : 8 34 39 41 42 53 79 96 107 124 128 175 176 184 187 190 
Clique of size 16 : 3 8 9 19 25 26 36 55 63 67 90 101 124 129 171 190 
Clique of size 17 : 1 27 36 45 49 50 54 55 67 81 82 89 94 99 179 196 200 
Clique of size 17 : 2 27 36 42 82 88 99 102 103 123 124 129 140 158 166 188 199 
Clique of size 16 : 7 51 55 71 76 83 117 119 121 134 150 165 169 170 174 194 
Clique of size 16 : 8 34 35 39 42 53 72 95 96 105 107 119 124 128 145 158 
Clique of size 16 : 9 19 36 52 55 67 82 85 99 101 129 144 166 196 197 200 
Clique of size 15 : 7 8 15 41 42 46 55 86 87 104 150 159 174 184 196 
Clique of size 15 : 2 3 15 20 42 45 56 86 87 106 108 122 130 164 174 
Clique of size 16 : 26 36 49 55 82 85 88 89 99 103 129 130 148 164 179 196 
Clique of size 17 : 1 27 36 45 49 50 54 55 67 81 82 89 94 99 179 196 200 
Clique of size 15 : 8 26 39 55 67 71 85 90 99 139 144 171 175 184 196 
Clique of size 15 : 4 11 35 51 55 62 67 91 116 119 121 124 150 153 199 
Clique of size 15 : 11 55 67 92 106 116 124 142 167 169 175 182 184 188 198 
Clique of size 17 : 2 6 15 32 60 81 93 96 107 109 123 126 127 141 151 168 200 
Clique of size 17 : 2 3 36 49 50 66 71 76 85 88 89 129 130 143 144 165 188 
Clique of size 16 : 15 36 39 42 45 55 82 95 99 103 107 130 170 179 196 199 
Clique of size 16 : 4 8 34 35 39 41 42 55 96 105 110 119 124 158 184 187 
Clique of size 15 : 2 13 14 31 74 79 92 97 100 110 153 158 166 169 193 
Clique of size 16 : 1 9 19 26 36 49 50 52 55 78 82 98 99 130 131 164 
Clique of size 16 : 1 19 27 30 45 50 52 55 67 81 82 99 153 196 197 200 
Clique of size 16 : 2 15 33 45 81 82 87 94 103 106 108 122 131 134 140 150 
Clique of size 17 : 27 36 42 54 66 88 89 103 111 114 129 143 165 179 194 196 200 
Clique of size 16 : 2 27 36 49 54 55 82 85 88 89 102 103 129 143 191 196 
Clique of size 17 : 2 27 36 42 82 88 99 102 103 123 124 129 140 158 166 188 199 
Clique of size 17 : 34 39 41 53 55 57 96 105 107 109 113 119 124 142 184 186 187 
Clique of size 16 : 8 35 39 42 55 96 99 105 107 110 119 124 158 184 187 199 
Clique of size 17 : 1 27 36 45 54 55 67 81 89 94 103 106 111 170 179 196 199 
Clique of size 17 : 34 39 41 53 55 57 96 105 107 109 113 119 124 142 184 186 187 
Clique of size 16 : 2 3 15 25 32 51 55 56 88 108 121 129 156 158 164 171 
Clique of size 18 : 4 11 17 20 26 35 58 72 79 99 109 124 126 153 154 158 164 181 
Clique of size 16 : 9 17 29 30 40 54 66 79 82 95 97 110 113 124 154 199 
Clique of size 17 : 1 22 27 36 45 49 54 55 67 81 89 94 103 111 179 196 200 
Clique of size 17 : 1 3 11 17 26 39 50 58 67 72 81 99 119 146 153 158 173 
Clique of size 15 : 4 8 27 29 34 39 45 55 67 96 113 124 147 184 190 
Clique of size 17 : 15 32 43 66 67 75 93 111 114 125 129 138 156 164 171 179 196 
Clique of size 17 : 1 27 36 45 54 55 67 81 89 94 103 106 111 170 179 196 199 
Clique of size 16 : 4 8 34 35 39 41 42 55 96 105 110 119 124 158 184 187 
Clique of size 16 : 8 35 42 51 55 95 105 107 117 118 119 121 124 150 158 199 
Clique of size 15 : 1 8 9 36 45 46 48 55 63 118 141 143 182 196 200 
Clique of size 16 : 4 8 34 39 42 45 55 95 96 105 110 118 119 124 136 158 
Clique of size 18 : 4 11 17 20 26 39 58 72 79 81 99 109 124 126 153 154 158 181 
Clique of size 16 : 2 32 44 51 55 56 85 88 89 96 121 131 148 164 171 200 
Clique of size 15 : 2 6 16 29 46 53 75 81 86 93 108 111 114 122 123 
Clique of size 17 : 4 11 17 20 35 58 72 79 96 99 109 124 126 154 158 164 181 
Clique of size 17 : 27 36 42 54 66 88 89 103 111 114 129 143 165 179 194 196 200 
Clique of size 15 : 1 3 14 15 27 30 39 45 67 84 99 115 153 158 199 
Clique of size 18 : 11 17 26 39 58 72 79 81 82 99 109 119 124 126 127 153 154 158 
Clique of size 17 : 1 2 11 58 60 64 81 94 110 127 131 151 161 173 176 182 188 
Clique of size 15 : 2 13 14 17 27 56 74 97 108 124 128 153 158 171 199 
Clique of size 16 : 2 15 27 36 43 55 71 76 78 133 139 165 170 194 196 197 
Clique of size 16 : 2 3 8 15 17 27 31 38 51 153 156 163 174 192 194 199 
Clique of size 17 : 2 35 40 79 88 96 99 102 109 110 123 124 131 138 140 154 166 
Clique of size 16 : 2 3 25 27 42 51 54 55 56 88 124 129 132 165 171 194 
Clique of size 16 : 19 32 36 43 48 55 74 76 85 95 129 133 139 164 166 196 
Clique of size 16 : 17 19 26 36 40 50 54 67 77 81 82 99 124 153 181 197 
Clique of size 16 : 2 3 8 15 17 31 38 47 51 129 130 156 163 164 171 190 
Clique of size 16 : 4 8 39 42 45 55 95 96 105 110 118 119 124 136 158 199 
Clique of size 16 : 4 8 35 39 42 55 57 96 99 105 110 119 124 184 187 199 
Clique of size 16 : 2 8 15 27 31 36 74 129 139 140 166 192 194 196 197 200 
Clique of size 16 : 1 2 8 15 27 36 55 74 94 96 99 139 140 171 196 200 
Clique of size 16 : 1 2 8 17 27 31 36 38 47 74 97 153 163 171 194 199 
Clique of size 16 : 1 7 15 36 55 81 82 99 103 131 138 140 141 166 179 200 
Clique of size 15 : 11 32 36 45 47 55 74 95 119 129 142 170 177 186 199 
Clique of size 16 : 2 15 27 36 43 55 71 76 78 133 139 165 170 194 196 197 
Clique of size 17 : 2 3 36 49 50 54 66 76 85 88 89 129 130 143 144 165 188 
Clique of size 16 : 34 35 39 41 42 53 57 96 105 107 109 119 124 128 184 187 
Clique of size 17 : 1 27 36 45 49 54 55 67 81 82 89 94 99 103 179 188 200 
Clique of size 16 : 19 22 32 34 45 48 52 55 62 74 76 78 119 133 153 197 
Clique of size 16 : 2 3 8 15 17 38 47 51 93 129 130 156 163 164 171 190 
Clique of size 17 : 11 20 35 58 60 92 105 109 112 117 121 124 126 150 153 158 176 
Clique of size 15 : 3 4 8 27 39 45 63 67 84 99 124 153 161 184 199 
Clique of size 17 : 2 27 36 42 82 88 99 102 103 123 124 129 140 158 166 188 199 
Clique of size 16 : 1 36 45 50 54 67 89 94 106 111 114 152 170 179 183 196 
Clique of size 15 : 1 4 27 28 45 54 67 68 84 106 113 125 134 170 197 
Clique of size 17 : 9 17 26 29 36 44 54 78 79 81 82 97 100 122 141 153 154 
Clique of size 16 : 8 25 34 39 41 53 55 57 75 96 105 107 124 160 175 184 
Clique of size 15 : 2 17 27 31 36 38 74 126 129 163 169 192 193 194 199 
Clique of size 15 : 13 44 48 79 83 93 97 98 100 115 140 141 156 157 183 
Clique of size 18 : 11 17 26 35 39 58 72 79 82 99 109 119 124 126 127 153 154 158 
Clique of size 17 : 2 3 27 36 42 49 71 88 89 99 103 123 129 158 188 193 200 
Clique of size 16 : 8 25 34 39 41 53 55 57 75 96 105 107 124 160 175 184 
Clique of size 16 : 1 11 19 36 39 45 47 50 67 72 81 99 161 170 179 196 
Clique of size 16 : 4 8 34 35 39 41 42 55 96 105 110 119 124 158 184 187 
Clique of size 16 : 3 8 9 36 49 55 71 85 90 129 130 143 163 169 188 190 
Clique of size 16 : 34 35 42 51 55 57 59 107 111 116 124 145 164 171 190 200 
Clique of size 16 : 2 3 8 27 36 49 50 54 55 85 129 143 165 188 190 200 
Clique of size 16 : 3 8 9 19 25 26 36 40 54 55 67 101 124 153 160 197 
Clique of size 16 : 8 16 34 39 41 42 53 79 96 107 128 175 176 184 187 190 
Clique of size 17 : 2 3 15 25 27 51 55 56 88 108 129 156 158 166 167 192 199 
Clique of size 15 : 27 34 39 57 63 67 71 77 116 124 169 179 184 190 200 
Clique of size 17 : 1 27 36 45 54 55 67 81 82 89 94 99 103 170 179 188 199 
Clique of size 16 : 11 17 20 28 35 58 60 96 105 109 112 123 124 126 158 171 
Clique of size 16 : 2 3 8 15 17 38 47 51 90 93 129 130 156 163 171 190 
Clique of size 16 : 1 36 59 64 67 73 77 94 99 102 114 137 161 173 181 188 
Clique of size 17 : 1 22 27 36 45 49 54 55 67 81 89 94 103 111 179 188 200 
Clique of size 16 : 4 11 17 20 35 57 58 70 96 99 105 109 112 123 124 171 
Clique of size 17 : 1 22 27 36 45 49 54 55 67 81 89 94 103 111 179 188 200 
Clique of size 14 : 9 36 45 55 95 100 105 106 118 133 149 177 183 199 
Clique of size 17 : 3 13 15 25 27 43 58 66 67 92 125 129 133 158 166 167 178 
Clique of size 17 : 1 27 36 45 49 50 54 55 67 81 82 89 94 99 179 196 200 
Clique of size 16 : 2 3 8 25 42 51 54 56 68 124 129 130 132 165 171 194 
Clique of size 17 : 3 4 11 17 26 39 50 58 67 72 81 99 119 124 153 158 173 
Clique of size 15 : 11 32 39 45 55 67 81 115 118 141 170 175 176 182 199 
Clique of size 17 : 1 27 36 45 49 50 54 55 67 81 82 89 94 99 179 196 200 
Clique of size 16 : 11 17 20 28 35 58 60 96 105 109 112 123 124 126 158 171 
Clique of size 16 : 19 32 36 43 48 55 74 76 85 95 129 133 139 164 166 196 
Clique of size 16 : 27 36 42 45 49 54 55 89 103 111 143 165 179 196 198 200 
Clique of size 15 : 2 15 43 55 56 74 106 129 142 156 164 187 192 194 196 
Clique of size 17 : 1 22 27 36 45 49 54 55 67 81 89 94 103 111 179 196 200 
Clique of size 17 : 1 27 36 45 49 54 55 67 81 82 89 94 99 103 179 188 200 
Clique of size 16 : 4 8 34 35 39 41 42 55 96 105 110 119 124 158 184 187 
Clique of size 16 : 19 23 34 35 40 52 59 62 67 68 101 124 139 153 197 200 
Clique of size 16 : 2 8 15 27 31 36 74 84 129 139 140 166 192 196 197 200 
Clique of size 18 : 11 17 26 39 58 72 81 82 99 109 119 124 126 127 153 154 158 173 
Clique of size 16 : 9 19 36 43 48 53 55 74 95 129 133 142 164 166 194 196 
Clique of size 16 : 9 11 21 48 72 78 97 100 122 131 141 142 145 154 172 195 
Clique of size 17 : 1 27 36 45 49 50 54 55 67 81 82 89 94 99 179 196 200 
Clique of size 16 : 1 3 8 9 17 26 30 48 54 78 79 97 110 125 141 153 
Clique of size 16 : 5 55 57 88 91 106 110 116 119 124 134 168 169 184 191 198 
Clique of size 16 : 8 35 39 42 55 96 99 105 107 110 119 124 158 184 187 199 
Clique of size 14 : 3 9 15 30 32 43 55 67 75 115 118 141 192 200 
